{
  "/Users/alexdumats/CLI-trading/agents/integrations-broker/src/handler.js": {
    "path": "/Users/alexdumats/CLI-trading/agents/integrations-broker/src/handler.js",
    "statementMap": {
      "0": { "start": { "line": 5, "column": 14 }, "end": { "line": 5, "column": 55 } },
      "1": { "start": { "line": 6, "column": 21 }, "end": { "line": 6, "column": 39 } },
      "2": { "start": { "line": 7, "column": 14 }, "end": { "line": 7, "column": 56 } },
      "3": { "start": { "line": 8, "column": 2 }, "end": { "line": 8, "column": 30 } },
      "4": { "start": { "line": 8, "column": 19 }, "end": { "line": 8, "column": 30 } },
      "5": { "start": { "line": 9, "column": 2 }, "end": { "line": 9, "column": 19 } },
      "6": { "start": { "line": 12, "column": 2 }, "end": { "line": 25, "column": 3 } },
      "7": { "start": { "line": 13, "column": 4 }, "end": { "line": 24, "column": 5 } },
      "8": { "start": { "line": 14, "column": 18 }, "end": { "line": 18, "column": 8 } },
      "9": { "start": { "line": 19, "column": 6 }, "end": { "line": 19, "column": 21 } },
      "10": { "start": { "line": 20, "column": 6 }, "end": { "line": 20, "column": 45 } },
      "11": { "start": { "line": 22, "column": 6 }, "end": { "line": 22, "column": 29 } },
      "12": { "start": { "line": 23, "column": 6 }, "end": { "line": 23, "column": 72 } },
      "13": { "start": { "line": 28, "column": 2 }, "end": { "line": 45, "column": 3 } },
      "14": { "start": { "line": 29, "column": 4 }, "end": { "line": 44, "column": 5 } },
      "15": { "start": { "line": 30, "column": 18 }, "end": { "line": 38, "column": 8 } },
      "16": { "start": { "line": 39, "column": 6 }, "end": { "line": 39, "column": 23 } },
      "17": { "start": { "line": 40, "column": 6 }, "end": { "line": 40, "column": 47 } },
      "18": { "start": { "line": 42, "column": 6 }, "end": { "line": 42, "column": 31 } },
      "19": { "start": { "line": 43, "column": 6 }, "end": { "line": 43, "column": 74 } },
      "20": { "start": { "line": 47, "column": 2 }, "end": { "line": 47, "column": 13 } }
    },
    "fnMap": {
      "0": {
        "name": "handleEvent",
        "decl": { "start": { "line": 4, "column": 22 }, "end": { "line": 4, "column": 33 } },
        "loc": { "start": { "line": 4, "column": 107 }, "end": { "line": 48, "column": 1 } },
        "line": 4
      }
    },
    "branchMap": {
      "0": {
        "loc": { "start": { "line": 5, "column": 15 }, "end": { "line": 5, "column": 40 } },
        "type": "binary-expr",
        "locations": [
          { "start": { "line": 5, "column": 15 }, "end": { "line": 5, "column": 30 } },
          { "start": { "line": 5, "column": 34 }, "end": { "line": 5, "column": 40 } }
        ],
        "line": 5
      },
      "1": {
        "loc": { "start": { "line": 8, "column": 2 }, "end": { "line": 8, "column": 30 } },
        "type": "if",
        "locations": [
          { "start": { "line": 8, "column": 2 }, "end": { "line": 8, "column": 30 } },
          { "start": {}, "end": {} }
        ],
        "line": 8
      },
      "2": {
        "loc": { "start": { "line": 12, "column": 2 }, "end": { "line": 25, "column": 3 } },
        "type": "if",
        "locations": [
          { "start": { "line": 12, "column": 2 }, "end": { "line": 25, "column": 3 } },
          { "start": {}, "end": {} }
        ],
        "line": 12
      },
      "3": {
        "loc": { "start": { "line": 12, "column": 6 }, "end": { "line": 12, "column": 51 } },
        "type": "binary-expr",
        "locations": [
          { "start": { "line": 12, "column": 6 }, "end": { "line": 12, "column": 16 } },
          { "start": { "line": 12, "column": 20 }, "end": { "line": 12, "column": 51 } }
        ],
        "line": 12
      },
      "4": {
        "loc": { "start": { "line": 15, "column": 36 }, "end": { "line": 15, "column": 69 } },
        "type": "binary-expr",
        "locations": [
          { "start": { "line": 15, "column": 36 }, "end": { "line": 15, "column": 49 } },
          { "start": { "line": 15, "column": 53 }, "end": { "line": 15, "column": 69 } }
        ],
        "line": 15
      },
      "5": {
        "loc": { "start": { "line": 16, "column": 31 }, "end": { "line": 16, "column": 53 } },
        "type": "binary-expr",
        "locations": [
          { "start": { "line": 16, "column": 31 }, "end": { "line": 16, "column": 44 } },
          { "start": { "line": 16, "column": 48 }, "end": { "line": 16, "column": 53 } }
        ],
        "line": 16
      },
      "6": {
        "loc": { "start": { "line": 16, "column": 83 }, "end": { "line": 16, "column": 100 } },
        "type": "binary-expr",
        "locations": [
          { "start": { "line": 16, "column": 83 }, "end": { "line": 16, "column": 96 } },
          { "start": { "line": 16, "column": 98 }, "end": { "line": 16, "column": 100 } }
        ],
        "line": 16
      },
      "7": {
        "loc": { "start": { "line": 17, "column": 42 }, "end": { "line": 17, "column": 63 } },
        "type": "binary-expr",
        "locations": [
          { "start": { "line": 17, "column": 42 }, "end": { "line": 17, "column": 52 } },
          { "start": { "line": 17, "column": 56 }, "end": { "line": 17, "column": 63 } }
        ],
        "line": 17
      },
      "8": {
        "loc": { "start": { "line": 20, "column": 20 }, "end": { "line": 20, "column": 43 } },
        "type": "cond-expr",
        "locations": [
          { "start": { "line": 20, "column": 30 }, "end": { "line": 20, "column": 34 } },
          { "start": { "line": 20, "column": 37 }, "end": { "line": 20, "column": 43 } }
        ],
        "line": 20
      },
      "9": {
        "loc": { "start": { "line": 23, "column": 52 }, "end": { "line": 23, "column": 67 } },
        "type": "binary-expr",
        "locations": [
          { "start": { "line": 23, "column": 52 }, "end": { "line": 23, "column": 62 } },
          { "start": { "line": 23, "column": 66 }, "end": { "line": 23, "column": 67 } }
        ],
        "line": 23
      },
      "10": {
        "loc": { "start": { "line": 28, "column": 2 }, "end": { "line": 45, "column": 3 } },
        "type": "if",
        "locations": [
          { "start": { "line": 28, "column": 2 }, "end": { "line": 45, "column": 3 } },
          { "start": {}, "end": {} }
        ],
        "line": 28
      },
      "11": {
        "loc": { "start": { "line": 28, "column": 6 }, "end": { "line": 28, "column": 54 } },
        "type": "binary-expr",
        "locations": [
          { "start": { "line": 28, "column": 6 }, "end": { "line": 28, "column": 18 } },
          { "start": { "line": 28, "column": 22 }, "end": { "line": 28, "column": 54 } }
        ],
        "line": 28
      },
      "12": {
        "loc": { "start": { "line": 34, "column": 52 }, "end": { "line": 34, "column": 71 } },
        "type": "binary-expr",
        "locations": [
          { "start": { "line": 34, "column": 52 }, "end": { "line": 34, "column": 65 } },
          { "start": { "line": 34, "column": 69 }, "end": { "line": 34, "column": 71 } }
        ],
        "line": 34
      },
      "13": {
        "loc": { "start": { "line": 35, "column": 54 }, "end": { "line": 35, "column": 75 } },
        "type": "binary-expr",
        "locations": [
          { "start": { "line": 35, "column": 54 }, "end": { "line": 35, "column": 69 } },
          { "start": { "line": 35, "column": 73 }, "end": { "line": 35, "column": 75 } }
        ],
        "line": 35
      },
      "14": {
        "loc": { "start": { "line": 37, "column": 52 }, "end": { "line": 37, "column": 69 } },
        "type": "binary-expr",
        "locations": [
          { "start": { "line": 37, "column": 52 }, "end": { "line": 37, "column": 65 } },
          { "start": { "line": 37, "column": 67 }, "end": { "line": 37, "column": 69 } }
        ],
        "line": 37
      },
      "15": {
        "loc": { "start": { "line": 40, "column": 22 }, "end": { "line": 40, "column": 45 } },
        "type": "cond-expr",
        "locations": [
          { "start": { "line": 40, "column": 32 }, "end": { "line": 40, "column": 36 } },
          { "start": { "line": 40, "column": 39 }, "end": { "line": 40, "column": 45 } }
        ],
        "line": 40
      },
      "16": {
        "loc": { "start": { "line": 43, "column": 54 }, "end": { "line": 43, "column": 69 } },
        "type": "binary-expr",
        "locations": [
          { "start": { "line": 43, "column": 54 }, "end": { "line": 43, "column": 64 } },
          { "start": { "line": 43, "column": 68 }, "end": { "line": 43, "column": 69 } }
        ],
        "line": 43
      }
    },
    "s": {
      "0": 0,
      "1": 0,
      "2": 0,
      "3": 0,
      "4": 0,
      "5": 0,
      "6": 0,
      "7": 0,
      "8": 0,
      "9": 0,
      "10": 0,
      "11": 0,
      "12": 0,
      "13": 0,
      "14": 0,
      "15": 0,
      "16": 0,
      "17": 0,
      "18": 0,
      "19": 0,
      "20": 0
    },
    "f": { "0": 0 },
    "b": {
      "0": [0, 0],
      "1": [0, 0],
      "2": [0, 0],
      "3": [0, 0],
      "4": [0, 0],
      "5": [0, 0],
      "6": [0, 0],
      "7": [0, 0],
      "8": [0, 0],
      "9": [0, 0],
      "10": [0, 0],
      "11": [0, 0],
      "12": [0, 0],
      "13": [0, 0],
      "14": [0, 0],
      "15": [0, 0],
      "16": [0, 0]
    },
    "inputSourceMap": null
  },
  "/Users/alexdumats/CLI-trading/agents/integrations-broker/src/index.js": {
    "path": "/Users/alexdumats/CLI-trading/agents/integrations-broker/src/index.js",
    "statementMap": {
      "0": { "start": { "line": 11, "column": 21 }, "end": { "line": 11, "column": 77 } },
      "1": { "start": { "line": 12, "column": 13 }, "end": { "line": 12, "column": 53 } },
      "2": { "start": { "line": 13, "column": 18 }, "end": { "line": 13, "column": 69 } },
      "3": { "start": { "line": 14, "column": 20 }, "end": { "line": 14, "column": 81 } },
      "4": { "start": { "line": 15, "column": 22 }, "end": { "line": 15, "column": 85 } },
      "5": { "start": { "line": 18, "column": 12 }, "end": { "line": 18, "column": 32 } },
      "6": { "start": { "line": 19, "column": 12 }, "end": { "line": 19, "column": 32 } },
      "7": { "start": { "line": 20, "column": 0 }, "end": { "line": 20, "column": 91 } },
      "8": { "start": { "line": 20, "column": 25 }, "end": { "line": 20, "column": 89 } },
      "9": { "start": { "line": 21, "column": 0 }, "end": { "line": 21, "column": 91 } },
      "10": { "start": { "line": 21, "column": 25 }, "end": { "line": 21, "column": 89 } },
      "11": { "start": { "line": 24, "column": 15 }, "end": { "line": 24, "column": 30 } },
      "12": { "start": { "line": 25, "column": 14 }, "end": { "line": 25, "column": 28 } },
      "13": { "start": { "line": 28, "column": 12 }, "end": { "line": 28, "column": 21 } },
      "14": { "start": { "line": 29, "column": 15 }, "end": { "line": 29, "column": 41 } },
      "15": { "start": { "line": 30, "column": 0 }, "end": { "line": 30, "column": 24 } },
      "16": { "start": { "line": 31, "column": 0 }, "end": { "line": 31, "column": 39 } },
      "17": { "start": { "line": 32, "column": 0 }, "end": { "line": 32, "column": 41 } },
      "18": { "start": { "line": 35, "column": 17 }, "end": { "line": 35, "column": 38 } },
      "19": { "start": { "line": 36, "column": 0 }, "end": { "line": 36, "column": 43 } },
      "20": { "start": { "line": 37, "column": 28 }, "end": { "line": 42, "column": 2 } },
      "21": { "start": { "line": 43, "column": 0 }, "end": { "line": 43, "column": 45 } },
      "22": { "start": { "line": 44, "column": 27 }, "end": { "line": 44, "column": 152 } },
      "23": { "start": { "line": 45, "column": 0 }, "end": { "line": 45, "column": 44 } },
      "24": { "start": { "line": 46, "column": 27 }, "end": { "line": 46, "column": 169 } },
      "25": { "start": { "line": 47, "column": 0 }, "end": { "line": 47, "column": 44 } },
      "26": { "start": { "line": 50, "column": 0 }, "end": { "line": 54, "column": 3 } },
      "27": { "start": { "line": 51, "column": 14 }, "end": { "line": 51, "column": 84 } },
      "28": { "start": { "line": 52, "column": 2 }, "end": { "line": 52, "column": 66 } },
      "29": { "start": { "line": 52, "column": 25 }, "end": { "line": 52, "column": 64 } },
      "30": { "start": { "line": 53, "column": 2 }, "end": { "line": 53, "column": 9 } },
      "31": { "start": { "line": 57, "column": 0 }, "end": { "line": 66, "column": 3 } },
      "32": { "start": { "line": 58, "column": 20 }, "end": { "line": 58, "column": 29 } },
      "33": { "start": { "line": 59, "column": 2 }, "end": { "line": 64, "column": 3 } },
      "34": { "start": { "line": 60, "column": 4 }, "end": { "line": 60, "column": 21 } },
      "35": { "start": { "line": 60, "column": 22 }, "end": { "line": 60, "column": 39 } },
      "36": { "start": { "line": 61, "column": 4 }, "end": { "line": 61, "column": 23 } },
      "37": { "start": { "line": 63, "column": 4 }, "end": { "line": 63, "column": 26 } },
      "38": { "start": { "line": 65, "column": 2 }, "end": { "line": 65, "column": 182 } },
      "39": { "start": { "line": 69, "column": 0 }, "end": { "line": 72, "column": 3 } },
      "40": { "start": { "line": 70, "column": 2 }, "end": { "line": 70, "column": 48 } },
      "41": { "start": { "line": 71, "column": 2 }, "end": { "line": 71, "column": 36 } },
      "42": { "start": { "line": 75, "column": 0 }, "end": { "line": 75, "column": 89 } },
      "43": { "start": { "line": 75, "column": 24 }, "end": { "line": 75, "column": 85 } },
      "44": { "start": { "line": 77, "column": 0 }, "end": { "line": 99, "column": 5 } },
      "45": { "start": { "line": 78, "column": 2 }, "end": { "line": 78, "column": 142 } },
      "46": { "start": { "line": 78, "column": 81 }, "end": { "line": 78, "column": 138 } },
      "47": { "start": { "line": 79, "column": 2 }, "end": { "line": 98, "column": 5 } },
      "48": { "start": { "line": 84, "column": 44 }, "end": { "line": 84, "column": 103 } },
      "49": { "start": { "line": 88, "column": 6 }, "end": { "line": 96, "column": 9 } },
      "50": { "start": { "line": 94, "column": 32 }, "end": { "line": 94, "column": 74 } },
      "51": { "start": { "line": 101, "column": 15 }, "end": { "line": 101, "column": 84 } },
      "52": { "start": { "line": 101, "column": 40 }, "end": { "line": 101, "column": 81 } },
      "53": { "start": { "line": 103, "column": 17 }, "end": { "line": 109, "column": 1 } },
      "54": { "start": { "line": 104, "column": 2 }, "end": { "line": 104, "column": 31 } },
      "55": { "start": { "line": 105, "column": 2 }, "end": { "line": 105, "column": 51 } },
      "56": { "start": { "line": 105, "column": 21 }, "end": { "line": 105, "column": 49 } },
      "57": { "start": { "line": 106, "column": 2 }, "end": { "line": 106, "column": 36 } },
      "58": { "start": { "line": 106, "column": 8 }, "end": { "line": 106, "column": 25 } },
      "59": { "start": { "line": 107, "column": 2 }, "end": { "line": 107, "column": 36 } },
      "60": { "start": { "line": 107, "column": 8 }, "end": { "line": 107, "column": 25 } },
      "61": { "start": { "line": 108, "column": 2 }, "end": { "line": 108, "column": 18 } },
      "62": { "start": { "line": 110, "column": 0 }, "end": { "line": 110, "column": 31 } },
      "63": { "start": { "line": 111, "column": 0 }, "end": { "line": 111, "column": 32 } }
    },
    "fnMap": {
      "0": {
        "name": "(anonymous_0)",
        "decl": { "start": { "line": 20, "column": 16 }, "end": { "line": 20, "column": 17 } },
        "loc": { "start": { "line": 20, "column": 25 }, "end": { "line": 20, "column": 89 } },
        "line": 20
      },
      "1": {
        "name": "(anonymous_1)",
        "decl": { "start": { "line": 21, "column": 16 }, "end": { "line": 21, "column": 17 } },
        "loc": { "start": { "line": 21, "column": 25 }, "end": { "line": 21, "column": 89 } },
        "line": 21
      },
      "2": {
        "name": "(anonymous_2)",
        "decl": { "start": { "line": 50, "column": 8 }, "end": { "line": 50, "column": 9 } },
        "loc": { "start": { "line": 50, "column": 28 }, "end": { "line": 54, "column": 1 } },
        "line": 50
      },
      "3": {
        "name": "(anonymous_3)",
        "decl": { "start": { "line": 52, "column": 19 }, "end": { "line": 52, "column": 20 } },
        "loc": { "start": { "line": 52, "column": 25 }, "end": { "line": 52, "column": 64 } },
        "line": 52
      },
      "4": {
        "name": "(anonymous_4)",
        "decl": { "start": { "line": 57, "column": 19 }, "end": { "line": 57, "column": 20 } },
        "loc": { "start": { "line": 57, "column": 39 }, "end": { "line": 66, "column": 1 } },
        "line": 57
      },
      "5": {
        "name": "(anonymous_5)",
        "decl": { "start": { "line": 69, "column": 20 }, "end": { "line": 69, "column": 21 } },
        "loc": { "start": { "line": 69, "column": 40 }, "end": { "line": 72, "column": 1 } },
        "line": 69
      },
      "6": {
        "name": "(anonymous_6)",
        "decl": { "start": { "line": 75, "column": 8 }, "end": { "line": 75, "column": 9 } },
        "loc": { "start": { "line": 75, "column": 22 }, "end": { "line": 75, "column": 87 } },
        "line": 75
      },
      "7": {
        "name": "(anonymous_7)",
        "decl": { "start": { "line": 77, "column": 7 }, "end": { "line": 77, "column": 8 } },
        "loc": { "start": { "line": 77, "column": 19 }, "end": { "line": 99, "column": 1 } },
        "line": 77
      },
      "8": {
        "name": "(anonymous_8)",
        "decl": { "start": { "line": 78, "column": 75 }, "end": { "line": 78, "column": 76 } },
        "loc": { "start": { "line": 78, "column": 81 }, "end": { "line": 78, "column": 138 } },
        "line": 78
      },
      "9": {
        "name": "(anonymous_9)",
        "decl": { "start": { "line": 84, "column": 38 }, "end": { "line": 84, "column": 39 } },
        "loc": { "start": { "line": 84, "column": 44 }, "end": { "line": 84, "column": 103 } },
        "line": 84
      },
      "10": {
        "name": "(anonymous_10)",
        "decl": { "start": { "line": 87, "column": 13 }, "end": { "line": 87, "column": 14 } },
        "loc": { "start": { "line": 87, "column": 43 }, "end": { "line": 97, "column": 5 } },
        "line": 87
      },
      "11": {
        "name": "(anonymous_11)",
        "decl": { "start": { "line": 94, "column": 13 }, "end": { "line": 94, "column": 14 } },
        "loc": { "start": { "line": 94, "column": 32 }, "end": { "line": 94, "column": 74 } },
        "line": 94
      },
      "12": {
        "name": "(anonymous_12)",
        "decl": { "start": { "line": 101, "column": 32 }, "end": { "line": 101, "column": 33 } },
        "loc": { "start": { "line": 101, "column": 38 }, "end": { "line": 101, "column": 83 } },
        "line": 101
      },
      "13": {
        "name": "(anonymous_13)",
        "decl": { "start": { "line": 103, "column": 17 }, "end": { "line": 103, "column": 18 } },
        "loc": { "start": { "line": 103, "column": 29 }, "end": { "line": 109, "column": 1 } },
        "line": 103
      },
      "14": {
        "name": "(anonymous_14)",
        "decl": { "start": { "line": 105, "column": 15 }, "end": { "line": 105, "column": 16 } },
        "loc": { "start": { "line": 105, "column": 21 }, "end": { "line": 105, "column": 49 } },
        "line": 105
      }
    },
    "branchMap": {
      "0": {
        "loc": { "start": { "line": 11, "column": 21 }, "end": { "line": 11, "column": 77 } },
        "type": "binary-expr",
        "locations": [
          { "start": { "line": 11, "column": 21 }, "end": { "line": 11, "column": 45 } },
          { "start": { "line": 11, "column": 49 }, "end": { "line": 11, "column": 77 } }
        ],
        "line": 11
      },
      "1": {
        "loc": { "start": { "line": 12, "column": 22 }, "end": { "line": 12, "column": 48 } },
        "type": "binary-expr",
        "locations": [
          { "start": { "line": 12, "column": 22 }, "end": { "line": 12, "column": 38 } },
          { "start": { "line": 12, "column": 42 }, "end": { "line": 12, "column": 48 } }
        ],
        "line": 12
      },
      "2": {
        "loc": { "start": { "line": 13, "column": 18 }, "end": { "line": 13, "column": 69 } },
        "type": "binary-expr",
        "locations": [
          { "start": { "line": 13, "column": 18 }, "end": { "line": 13, "column": 39 } },
          { "start": { "line": 13, "column": 43 }, "end": { "line": 13, "column": 69 } }
        ],
        "line": 13
      },
      "3": {
        "loc": { "start": { "line": 14, "column": 21 }, "end": { "line": 14, "column": 55 } },
        "type": "binary-expr",
        "locations": [
          { "start": { "line": 14, "column": 21 }, "end": { "line": 14, "column": 44 } },
          { "start": { "line": 14, "column": 48 }, "end": { "line": 14, "column": 55 } }
        ],
        "line": 14
      },
      "4": {
        "loc": { "start": { "line": 15, "column": 23 }, "end": { "line": 15, "column": 59 } },
        "type": "binary-expr",
        "locations": [
          { "start": { "line": 15, "column": 23 }, "end": { "line": 15, "column": 48 } },
          { "start": { "line": 15, "column": 52 }, "end": { "line": 15, "column": 59 } }
        ],
        "line": 15
      },
      "5": {
        "loc": { "start": { "line": 84, "column": 44 }, "end": { "line": 84, "column": 103 } },
        "type": "binary-expr",
        "locations": [
          { "start": { "line": 84, "column": 44 }, "end": { "line": 84, "column": 55 } },
          { "start": { "line": 84, "column": 59 }, "end": { "line": 84, "column": 103 } }
        ],
        "line": 84
      },
      "6": {
        "loc": { "start": { "line": 84, "column": 72 }, "end": { "line": 84, "column": 87 } },
        "type": "binary-expr",
        "locations": [
          { "start": { "line": 84, "column": 72 }, "end": { "line": 84, "column": 81 } },
          { "start": { "line": 84, "column": 85 }, "end": { "line": 84, "column": 87 } }
        ],
        "line": 84
      },
      "7": {
        "loc": { "start": { "line": 84, "column": 91 }, "end": { "line": 84, "column": 101 } },
        "type": "binary-expr",
        "locations": [
          { "start": { "line": 84, "column": 91 }, "end": { "line": 84, "column": 95 } },
          { "start": { "line": 84, "column": 99 }, "end": { "line": 84, "column": 101 } }
        ],
        "line": 84
      },
      "8": {
        "loc": { "start": { "line": 84, "column": 126 }, "end": { "line": 84, "column": 173 } },
        "type": "binary-expr",
        "locations": [
          { "start": { "line": 84, "column": 126 }, "end": { "line": 84, "column": 162 } },
          { "start": { "line": 84, "column": 166 }, "end": { "line": 84, "column": 173 } }
        ],
        "line": 84
      },
      "9": {
        "loc": { "start": { "line": 86, "column": 26 }, "end": { "line": 86, "column": 64 } },
        "type": "binary-expr",
        "locations": [
          { "start": { "line": 86, "column": 26 }, "end": { "line": 86, "column": 57 } },
          { "start": { "line": 86, "column": 61 }, "end": { "line": 86, "column": 64 } }
        ],
        "line": 86
      }
    },
    "s": {
      "0": 0,
      "1": 0,
      "2": 0,
      "3": 0,
      "4": 0,
      "5": 0,
      "6": 0,
      "7": 0,
      "8": 0,
      "9": 0,
      "10": 0,
      "11": 0,
      "12": 0,
      "13": 0,
      "14": 0,
      "15": 0,
      "16": 0,
      "17": 0,
      "18": 0,
      "19": 0,
      "20": 0,
      "21": 0,
      "22": 0,
      "23": 0,
      "24": 0,
      "25": 0,
      "26": 0,
      "27": 0,
      "28": 0,
      "29": 0,
      "30": 0,
      "31": 0,
      "32": 0,
      "33": 0,
      "34": 0,
      "35": 0,
      "36": 0,
      "37": 0,
      "38": 0,
      "39": 0,
      "40": 0,
      "41": 0,
      "42": 0,
      "43": 0,
      "44": 0,
      "45": 0,
      "46": 0,
      "47": 0,
      "48": 0,
      "49": 0,
      "50": 0,
      "51": 0,
      "52": 0,
      "53": 0,
      "54": 0,
      "55": 0,
      "56": 0,
      "57": 0,
      "58": 0,
      "59": 0,
      "60": 0,
      "61": 0,
      "62": 0,
      "63": 0
    },
    "f": {
      "0": 0,
      "1": 0,
      "2": 0,
      "3": 0,
      "4": 0,
      "5": 0,
      "6": 0,
      "7": 0,
      "8": 0,
      "9": 0,
      "10": 0,
      "11": 0,
      "12": 0,
      "13": 0,
      "14": 0
    },
    "b": {
      "0": [0, 0],
      "1": [0, 0],
      "2": [0, 0],
      "3": [0, 0],
      "4": [0, 0],
      "5": [0, 0],
      "6": [0, 0],
      "7": [0, 0],
      "8": [0, 0],
      "9": [0, 0]
    },
    "inputSourceMap": null
  },
  "/Users/alexdumats/CLI-trading/agents/market-analyst/src/index.js": {
    "path": "/Users/alexdumats/CLI-trading/agents/market-analyst/src/index.js",
    "statementMap": {
      "0": { "start": { "line": 8, "column": 21 }, "end": { "line": 8, "column": 72 } },
      "1": { "start": { "line": 9, "column": 13 }, "end": { "line": 9, "column": 53 } },
      "2": { "start": { "line": 10, "column": 18 }, "end": { "line": 10, "column": 69 } },
      "3": { "start": { "line": 13, "column": 12 }, "end": { "line": 13, "column": 32 } },
      "4": { "start": { "line": 14, "column": 12 }, "end": { "line": 14, "column": 32 } },
      "5": { "start": { "line": 15, "column": 0 }, "end": { "line": 15, "column": 91 } },
      "6": { "start": { "line": 15, "column": 25 }, "end": { "line": 15, "column": 89 } },
      "7": { "start": { "line": 16, "column": 0 }, "end": { "line": 16, "column": 91 } },
      "8": { "start": { "line": 16, "column": 25 }, "end": { "line": 16, "column": 89 } },
      "9": { "start": { "line": 19, "column": 17 }, "end": { "line": 22, "column": 1 } },
      "10": { "start": { "line": 24, "column": 12 }, "end": { "line": 24, "column": 21 } },
      "11": { "start": { "line": 25, "column": 15 }, "end": { "line": 25, "column": 41 } },
      "12": { "start": { "line": 26, "column": 0 }, "end": { "line": 26, "column": 24 } },
      "13": { "start": { "line": 27, "column": 0 }, "end": { "line": 27, "column": 39 } },
      "14": { "start": { "line": 28, "column": 0 }, "end": { "line": 28, "column": 41 } },
      "15": { "start": { "line": 31, "column": 17 }, "end": { "line": 31, "column": 38 } },
      "16": { "start": { "line": 32, "column": 0 }, "end": { "line": 32, "column": 43 } },
      "17": { "start": { "line": 33, "column": 28 }, "end": { "line": 38, "column": 2 } },
      "18": { "start": { "line": 39, "column": 0 }, "end": { "line": 39, "column": 45 } },
      "19": { "start": { "line": 40, "column": 27 }, "end": { "line": 40, "column": 152 } },
      "20": { "start": { "line": 41, "column": 0 }, "end": { "line": 41, "column": 44 } },
      "21": { "start": { "line": 44, "column": 0 }, "end": { "line": 48, "column": 3 } },
      "22": { "start": { "line": 45, "column": 14 }, "end": { "line": 45, "column": 84 } },
      "23": { "start": { "line": 46, "column": 2 }, "end": { "line": 46, "column": 66 } },
      "24": { "start": { "line": 46, "column": 25 }, "end": { "line": 46, "column": 64 } },
      "25": { "start": { "line": 47, "column": 2 }, "end": { "line": 47, "column": 9 } },
      "26": { "start": { "line": 51, "column": 0 }, "end": { "line": 60, "column": 3 } },
      "27": { "start": { "line": 52, "column": 20 }, "end": { "line": 52, "column": 29 } },
      "28": { "start": { "line": 53, "column": 2 }, "end": { "line": 58, "column": 3 } },
      "29": { "start": { "line": 54, "column": 4 }, "end": { "line": 54, "column": 21 } },
      "30": { "start": { "line": 54, "column": 22 }, "end": { "line": 54, "column": 39 } },
      "31": { "start": { "line": 55, "column": 4 }, "end": { "line": 55, "column": 23 } },
      "32": { "start": { "line": 57, "column": 4 }, "end": { "line": 57, "column": 26 } },
      "33": { "start": { "line": 59, "column": 2 }, "end": { "line": 59, "column": 128 } },
      "34": { "start": { "line": 63, "column": 0 }, "end": { "line": 66, "column": 3 } },
      "35": { "start": { "line": 64, "column": 2 }, "end": { "line": 64, "column": 48 } },
      "36": { "start": { "line": 65, "column": 2 }, "end": { "line": 65, "column": 36 } },
      "37": { "start": { "line": 69, "column": 0 }, "end": { "line": 69, "column": 132 } },
      "38": { "start": { "line": 69, "column": 43 }, "end": { "line": 69, "column": 130 } },
      "39": { "start": { "line": 70, "column": 0 }, "end": { "line": 70, "column": 89 } },
      "40": { "start": { "line": 70, "column": 42 }, "end": { "line": 70, "column": 87 } },
      "41": { "start": { "line": 71, "column": 0 }, "end": { "line": 78, "column": 3 } },
      "42": { "start": { "line": 72, "column": 17 }, "end": { "line": 72, "column": 59 } },
      "43": { "start": { "line": 73, "column": 20 }, "end": { "line": 73, "column": 71 } },
      "44": { "start": { "line": 75, "column": 15 }, "end": { "line": 75, "column": 20 } },
      "45": { "start": { "line": 76, "column": 21 }, "end": { "line": 76, "column": 24 } },
      "46": { "start": { "line": 77, "column": 2 }, "end": { "line": 77, "column": 82 } },
      "47": { "start": { "line": 81, "column": 0 }, "end": { "line": 100, "column": 5 } },
      "48": { "start": { "line": 82, "column": 2 }, "end": { "line": 82, "column": 174 } },
      "49": { "start": { "line": 82, "column": 97 }, "end": { "line": 82, "column": 170 } },
      "50": { "start": { "line": 83, "column": 2 }, "end": { "line": 99, "column": 5 } },
      "51": { "start": { "line": 88, "column": 43 }, "end": { "line": 88, "column": 54 } },
      "52": { "start": { "line": 92, "column": 6 }, "end": { "line": 97, "column": 7 } },
      "53": { "start": { "line": 93, "column": 27 }, "end": { "line": 93, "column": 30 } },
      "54": { "start": { "line": 94, "column": 21 }, "end": { "line": 94, "column": 26 } },
      "55": { "start": { "line": 95, "column": 23 }, "end": { "line": 95, "column": 141 } },
      "56": { "start": { "line": 96, "column": 8 }, "end": { "line": 96, "column": 63 } },
      "57": { "start": { "line": 103, "column": 0 }, "end": { "line": 105, "column": 3 } },
      "58": { "start": { "line": 104, "column": 2 }, "end": { "line": 104, "column": 63 } },
      "59": { "start": { "line": 107, "column": 15 }, "end": { "line": 109, "column": 2 } },
      "60": { "start": { "line": 108, "column": 2 }, "end": { "line": 108, "column": 43 } },
      "61": { "start": { "line": 111, "column": 17 }, "end": { "line": 117, "column": 1 } },
      "62": { "start": { "line": 112, "column": 2 }, "end": { "line": 112, "column": 31 } },
      "63": { "start": { "line": 113, "column": 2 }, "end": { "line": 113, "column": 51 } },
      "64": { "start": { "line": 113, "column": 21 }, "end": { "line": 113, "column": 49 } },
      "65": { "start": { "line": 114, "column": 2 }, "end": { "line": 114, "column": 36 } },
      "66": { "start": { "line": 114, "column": 8 }, "end": { "line": 114, "column": 25 } },
      "67": { "start": { "line": 115, "column": 2 }, "end": { "line": 115, "column": 36 } },
      "68": { "start": { "line": 115, "column": 8 }, "end": { "line": 115, "column": 25 } },
      "69": { "start": { "line": 116, "column": 2 }, "end": { "line": 116, "column": 18 } },
      "70": { "start": { "line": 118, "column": 0 }, "end": { "line": 118, "column": 31 } },
      "71": { "start": { "line": 119, "column": 0 }, "end": { "line": 119, "column": 32 } }
    },
    "fnMap": {
      "0": {
        "name": "(anonymous_0)",
        "decl": { "start": { "line": 15, "column": 16 }, "end": { "line": 15, "column": 17 } },
        "loc": { "start": { "line": 15, "column": 25 }, "end": { "line": 15, "column": 89 } },
        "line": 15
      },
      "1": {
        "name": "(anonymous_1)",
        "decl": { "start": { "line": 16, "column": 16 }, "end": { "line": 16, "column": 17 } },
        "loc": { "start": { "line": 16, "column": 25 }, "end": { "line": 16, "column": 89 } },
        "line": 16
      },
      "2": {
        "name": "(anonymous_2)",
        "decl": { "start": { "line": 44, "column": 8 }, "end": { "line": 44, "column": 9 } },
        "loc": { "start": { "line": 44, "column": 28 }, "end": { "line": 48, "column": 1 } },
        "line": 44
      },
      "3": {
        "name": "(anonymous_3)",
        "decl": { "start": { "line": 46, "column": 19 }, "end": { "line": 46, "column": 20 } },
        "loc": { "start": { "line": 46, "column": 25 }, "end": { "line": 46, "column": 64 } },
        "line": 46
      },
      "4": {
        "name": "(anonymous_4)",
        "decl": { "start": { "line": 51, "column": 19 }, "end": { "line": 51, "column": 20 } },
        "loc": { "start": { "line": 51, "column": 39 }, "end": { "line": 60, "column": 1 } },
        "line": 51
      },
      "5": {
        "name": "(anonymous_5)",
        "decl": { "start": { "line": 63, "column": 20 }, "end": { "line": 63, "column": 21 } },
        "loc": { "start": { "line": 63, "column": 40 }, "end": { "line": 66, "column": 1 } },
        "line": 63
      },
      "6": {
        "name": "(anonymous_6)",
        "decl": { "start": { "line": 69, "column": 29 }, "end": { "line": 69, "column": 30 } },
        "loc": { "start": { "line": 69, "column": 43 }, "end": { "line": 69, "column": 130 } },
        "line": 69
      },
      "7": {
        "name": "(anonymous_7)",
        "decl": { "start": { "line": 70, "column": 28 }, "end": { "line": 70, "column": 29 } },
        "loc": { "start": { "line": 70, "column": 42 }, "end": { "line": 70, "column": 87 } },
        "line": 70
      },
      "8": {
        "name": "(anonymous_8)",
        "decl": { "start": { "line": 71, "column": 30 }, "end": { "line": 71, "column": 31 } },
        "loc": { "start": { "line": 71, "column": 44 }, "end": { "line": 78, "column": 1 } },
        "line": 71
      },
      "9": {
        "name": "(anonymous_9)",
        "decl": { "start": { "line": 81, "column": 7 }, "end": { "line": 81, "column": 8 } },
        "loc": { "start": { "line": 81, "column": 19 }, "end": { "line": 100, "column": 1 } },
        "line": 81
      },
      "10": {
        "name": "(anonymous_10)",
        "decl": { "start": { "line": 82, "column": 91 }, "end": { "line": 82, "column": 92 } },
        "loc": { "start": { "line": 82, "column": 97 }, "end": { "line": 82, "column": 170 } },
        "line": 82
      },
      "11": {
        "name": "(anonymous_11)",
        "decl": { "start": { "line": 88, "column": 38 }, "end": { "line": 88, "column": 39 } },
        "loc": { "start": { "line": 88, "column": 43 }, "end": { "line": 88, "column": 54 } },
        "line": 88
      },
      "12": {
        "name": "(anonymous_12)",
        "decl": { "start": { "line": 91, "column": 13 }, "end": { "line": 91, "column": 14 } },
        "loc": { "start": { "line": 91, "column": 41 }, "end": { "line": 98, "column": 5 } },
        "line": 91
      },
      "13": {
        "name": "(anonymous_13)",
        "decl": { "start": { "line": 103, "column": 8 }, "end": { "line": 103, "column": 9 } },
        "loc": { "start": { "line": 103, "column": 22 }, "end": { "line": 105, "column": 1 } },
        "line": 103
      },
      "14": {
        "name": "(anonymous_14)",
        "decl": { "start": { "line": 107, "column": 32 }, "end": { "line": 107, "column": 33 } },
        "loc": { "start": { "line": 107, "column": 38 }, "end": { "line": 109, "column": 1 } },
        "line": 107
      },
      "15": {
        "name": "(anonymous_15)",
        "decl": { "start": { "line": 111, "column": 17 }, "end": { "line": 111, "column": 18 } },
        "loc": { "start": { "line": 111, "column": 29 }, "end": { "line": 117, "column": 1 } },
        "line": 111
      },
      "16": {
        "name": "(anonymous_16)",
        "decl": { "start": { "line": 113, "column": 15 }, "end": { "line": 113, "column": 16 } },
        "loc": { "start": { "line": 113, "column": 21 }, "end": { "line": 113, "column": 49 } },
        "line": 113
      }
    },
    "branchMap": {
      "0": {
        "loc": { "start": { "line": 8, "column": 21 }, "end": { "line": 8, "column": 72 } },
        "type": "binary-expr",
        "locations": [
          { "start": { "line": 8, "column": 21 }, "end": { "line": 8, "column": 45 } },
          { "start": { "line": 8, "column": 49 }, "end": { "line": 8, "column": 72 } }
        ],
        "line": 8
      },
      "1": {
        "loc": { "start": { "line": 9, "column": 22 }, "end": { "line": 9, "column": 48 } },
        "type": "binary-expr",
        "locations": [
          { "start": { "line": 9, "column": 22 }, "end": { "line": 9, "column": 38 } },
          { "start": { "line": 9, "column": 42 }, "end": { "line": 9, "column": 48 } }
        ],
        "line": 9
      },
      "2": {
        "loc": { "start": { "line": 10, "column": 18 }, "end": { "line": 10, "column": 69 } },
        "type": "binary-expr",
        "locations": [
          { "start": { "line": 10, "column": 18 }, "end": { "line": 10, "column": 39 } },
          { "start": { "line": 10, "column": 43 }, "end": { "line": 10, "column": 69 } }
        ],
        "line": 10
      },
      "3": {
        "loc": { "start": { "line": 69, "column": 93 }, "end": { "line": 69, "column": 127 } },
        "type": "binary-expr",
        "locations": [
          { "start": { "line": 69, "column": 94 }, "end": { "line": 69, "column": 102 } },
          { "start": { "line": 69, "column": 106 }, "end": { "line": 69, "column": 121 } },
          { "start": { "line": 69, "column": 126 }, "end": { "line": 69, "column": 127 } }
        ],
        "line": 69
      },
      "4": {
        "loc": { "start": { "line": 72, "column": 17 }, "end": { "line": 72, "column": 59 } },
        "type": "binary-expr",
        "locations": [
          { "start": { "line": 72, "column": 18 }, "end": { "line": 72, "column": 26 } },
          { "start": { "line": 72, "column": 30 }, "end": { "line": 72, "column": 45 } },
          { "start": { "line": 72, "column": 50 }, "end": { "line": 72, "column": 59 } }
        ],
        "line": 72
      },
      "5": {
        "loc": { "start": { "line": 73, "column": 20 }, "end": { "line": 73, "column": 71 } },
        "type": "binary-expr",
        "locations": [
          { "start": { "line": 73, "column": 21 }, "end": { "line": 73, "column": 29 } },
          { "start": { "line": 73, "column": 33 }, "end": { "line": 73, "column": 51 } },
          { "start": { "line": 73, "column": 56 }, "end": { "line": 73, "column": 71 } }
        ],
        "line": 73
      },
      "6": {
        "loc": { "start": { "line": 92, "column": 6 }, "end": { "line": 97, "column": 7 } },
        "type": "if",
        "locations": [
          { "start": { "line": 92, "column": 6 }, "end": { "line": 97, "column": 7 } },
          { "start": {}, "end": {} }
        ],
        "line": 92
      },
      "7": {
        "loc": { "start": { "line": 92, "column": 10 }, "end": { "line": 92, "column": 46 } },
        "type": "binary-expr",
        "locations": [
          { "start": { "line": 92, "column": 10 }, "end": { "line": 92, "column": 32 } },
          { "start": { "line": 92, "column": 36 }, "end": { "line": 92, "column": 46 } }
        ],
        "line": 92
      }
    },
    "s": {
      "0": 0,
      "1": 0,
      "2": 0,
      "3": 0,
      "4": 0,
      "5": 0,
      "6": 0,
      "7": 0,
      "8": 0,
      "9": 0,
      "10": 0,
      "11": 0,
      "12": 0,
      "13": 0,
      "14": 0,
      "15": 0,
      "16": 0,
      "17": 0,
      "18": 0,
      "19": 0,
      "20": 0,
      "21": 0,
      "22": 0,
      "23": 0,
      "24": 0,
      "25": 0,
      "26": 0,
      "27": 0,
      "28": 0,
      "29": 0,
      "30": 0,
      "31": 0,
      "32": 0,
      "33": 0,
      "34": 0,
      "35": 0,
      "36": 0,
      "37": 0,
      "38": 0,
      "39": 0,
      "40": 0,
      "41": 0,
      "42": 0,
      "43": 0,
      "44": 0,
      "45": 0,
      "46": 0,
      "47": 0,
      "48": 0,
      "49": 0,
      "50": 0,
      "51": 0,
      "52": 0,
      "53": 0,
      "54": 0,
      "55": 0,
      "56": 0,
      "57": 0,
      "58": 0,
      "59": 0,
      "60": 0,
      "61": 0,
      "62": 0,
      "63": 0,
      "64": 0,
      "65": 0,
      "66": 0,
      "67": 0,
      "68": 0,
      "69": 0,
      "70": 0,
      "71": 0
    },
    "f": {
      "0": 0,
      "1": 0,
      "2": 0,
      "3": 0,
      "4": 0,
      "5": 0,
      "6": 0,
      "7": 0,
      "8": 0,
      "9": 0,
      "10": 0,
      "11": 0,
      "12": 0,
      "13": 0,
      "14": 0,
      "15": 0,
      "16": 0
    },
    "b": {
      "0": [0, 0],
      "1": [0, 0],
      "2": [0, 0],
      "3": [0, 0, 0],
      "4": [0, 0, 0],
      "5": [0, 0, 0],
      "6": [0, 0],
      "7": [0, 0]
    },
    "inputSourceMap": null
  },
  "/Users/alexdumats/CLI-trading/agents/mcp-hub-controller/src/index.js": {
    "path": "/Users/alexdumats/CLI-trading/agents/mcp-hub-controller/src/index.js",
    "statementMap": {
      "0": { "start": { "line": 6, "column": 21 }, "end": { "line": 6, "column": 76 } },
      "1": { "start": { "line": 7, "column": 13 }, "end": { "line": 7, "column": 53 } },
      "2": { "start": { "line": 8, "column": 18 }, "end": { "line": 8, "column": 69 } },
      "3": { "start": { "line": 10, "column": 12 }, "end": { "line": 10, "column": 21 } },
      "4": { "start": { "line": 11, "column": 0 }, "end": { "line": 11, "column": 24 } },
      "5": { "start": { "line": 12, "column": 0 }, "end": { "line": 12, "column": 23 } },
      "6": { "start": { "line": 15, "column": 17 }, "end": { "line": 15, "column": 38 } },
      "7": { "start": { "line": 16, "column": 0 }, "end": { "line": 16, "column": 43 } },
      "8": { "start": { "line": 17, "column": 28 }, "end": { "line": 22, "column": 2 } },
      "9": { "start": { "line": 23, "column": 0 }, "end": { "line": 23, "column": 45 } },
      "10": { "start": { "line": 26, "column": 14 }, "end": { "line": 26, "column": 34 } },
      "11": { "start": { "line": 27, "column": 0 }, "end": { "line": 29, "column": 3 } },
      "12": { "start": { "line": 28, "column": 2 }, "end": { "line": 28, "column": 63 } },
      "13": { "start": { "line": 32, "column": 0 }, "end": { "line": 36, "column": 3 } },
      "14": { "start": { "line": 33, "column": 14 }, "end": { "line": 33, "column": 84 } },
      "15": { "start": { "line": 34, "column": 2 }, "end": { "line": 34, "column": 66 } },
      "16": { "start": { "line": 34, "column": 25 }, "end": { "line": 34, "column": 64 } },
      "17": { "start": { "line": 35, "column": 2 }, "end": { "line": 35, "column": 9 } },
      "18": { "start": { "line": 39, "column": 0 }, "end": { "line": 48, "column": 3 } },
      "19": { "start": { "line": 40, "column": 20 }, "end": { "line": 40, "column": 29 } },
      "20": { "start": { "line": 41, "column": 2 }, "end": { "line": 46, "column": 3 } },
      "21": { "start": { "line": 42, "column": 4 }, "end": { "line": 42, "column": 23 } },
      "22": { "start": { "line": 43, "column": 4 }, "end": { "line": 43, "column": 23 } },
      "23": { "start": { "line": 45, "column": 4 }, "end": { "line": 45, "column": 26 } },
      "24": { "start": { "line": 47, "column": 2 }, "end": { "line": 47, "column": 128 } },
      "25": { "start": { "line": 51, "column": 0 }, "end": { "line": 54, "column": 3 } },
      "26": { "start": { "line": 52, "column": 2 }, "end": { "line": 52, "column": 48 } },
      "27": { "start": { "line": 53, "column": 2 }, "end": { "line": 53, "column": 36 } },
      "28": { "start": { "line": 59, "column": 0 }, "end": { "line": 59, "column": 75 } },
      "29": { "start": { "line": 59, "column": 37 }, "end": { "line": 59, "column": 73 } },
      "30": { "start": { "line": 60, "column": 0 }, "end": { "line": 60, "column": 110 } },
      "31": { "start": { "line": 60, "column": 39 }, "end": { "line": 60, "column": 108 } },
      "32": { "start": { "line": 64, "column": 0 }, "end": { "line": 66, "column": 3 } },
      "33": { "start": { "line": 65, "column": 2 }, "end": { "line": 65, "column": 63 } },
      "34": { "start": { "line": 68, "column": 15 }, "end": { "line": 70, "column": 2 } },
      "35": { "start": { "line": 69, "column": 2 }, "end": { "line": 69, "column": 57 } },
      "36": { "start": { "line": 72, "column": 17 }, "end": { "line": 77, "column": 1 } },
      "37": { "start": { "line": 73, "column": 2 }, "end": { "line": 73, "column": 52 } },
      "38": { "start": { "line": 74, "column": 2 }, "end": { "line": 74, "column": 69 } },
      "39": { "start": { "line": 74, "column": 21 }, "end": { "line": 74, "column": 67 } },
      "40": { "start": { "line": 75, "column": 2 }, "end": { "line": 75, "column": 42 } },
      "41": { "start": { "line": 75, "column": 8 }, "end": { "line": 75, "column": 27 } },
      "42": { "start": { "line": 76, "column": 2 }, "end": { "line": 76, "column": 18 } },
      "43": { "start": { "line": 78, "column": 0 }, "end": { "line": 78, "column": 31 } },
      "44": { "start": { "line": 79, "column": 0 }, "end": { "line": 79, "column": 32 } }
    },
    "fnMap": {
      "0": {
        "name": "(anonymous_0)",
        "decl": { "start": { "line": 27, "column": 18 }, "end": { "line": 27, "column": 19 } },
        "loc": { "start": { "line": 27, "column": 27 }, "end": { "line": 29, "column": 1 } },
        "line": 27
      },
      "1": {
        "name": "(anonymous_1)",
        "decl": { "start": { "line": 32, "column": 8 }, "end": { "line": 32, "column": 9 } },
        "loc": { "start": { "line": 32, "column": 28 }, "end": { "line": 36, "column": 1 } },
        "line": 32
      },
      "2": {
        "name": "(anonymous_2)",
        "decl": { "start": { "line": 34, "column": 19 }, "end": { "line": 34, "column": 20 } },
        "loc": { "start": { "line": 34, "column": 25 }, "end": { "line": 34, "column": 64 } },
        "line": 34
      },
      "3": {
        "name": "(anonymous_3)",
        "decl": { "start": { "line": 39, "column": 19 }, "end": { "line": 39, "column": 20 } },
        "loc": { "start": { "line": 39, "column": 39 }, "end": { "line": 48, "column": 1 } },
        "line": 39
      },
      "4": {
        "name": "(anonymous_4)",
        "decl": { "start": { "line": 51, "column": 20 }, "end": { "line": 51, "column": 21 } },
        "loc": { "start": { "line": 51, "column": 40 }, "end": { "line": 54, "column": 1 } },
        "line": 51
      },
      "5": {
        "name": "(anonymous_5)",
        "decl": { "start": { "line": 59, "column": 23 }, "end": { "line": 59, "column": 24 } },
        "loc": { "start": { "line": 59, "column": 37 }, "end": { "line": 59, "column": 73 } },
        "line": 59
      },
      "6": {
        "name": "(anonymous_6)",
        "decl": { "start": { "line": 60, "column": 25 }, "end": { "line": 60, "column": 26 } },
        "loc": { "start": { "line": 60, "column": 39 }, "end": { "line": 60, "column": 108 } },
        "line": 60
      },
      "7": {
        "name": "(anonymous_7)",
        "decl": { "start": { "line": 64, "column": 8 }, "end": { "line": 64, "column": 9 } },
        "loc": { "start": { "line": 64, "column": 22 }, "end": { "line": 66, "column": 1 } },
        "line": 64
      },
      "8": {
        "name": "(anonymous_8)",
        "decl": { "start": { "line": 68, "column": 32 }, "end": { "line": 68, "column": 33 } },
        "loc": { "start": { "line": 68, "column": 38 }, "end": { "line": 70, "column": 1 } },
        "line": 68
      },
      "9": {
        "name": "(anonymous_9)",
        "decl": { "start": { "line": 72, "column": 17 }, "end": { "line": 72, "column": 18 } },
        "loc": { "start": { "line": 72, "column": 29 }, "end": { "line": 77, "column": 1 } },
        "line": 72
      },
      "10": {
        "name": "(anonymous_10)",
        "decl": { "start": { "line": 74, "column": 15 }, "end": { "line": 74, "column": 16 } },
        "loc": { "start": { "line": 74, "column": 21 }, "end": { "line": 74, "column": 67 } },
        "line": 74
      }
    },
    "branchMap": {
      "0": {
        "loc": { "start": { "line": 6, "column": 21 }, "end": { "line": 6, "column": 76 } },
        "type": "binary-expr",
        "locations": [
          { "start": { "line": 6, "column": 21 }, "end": { "line": 6, "column": 45 } },
          { "start": { "line": 6, "column": 49 }, "end": { "line": 6, "column": 76 } }
        ],
        "line": 6
      },
      "1": {
        "loc": { "start": { "line": 7, "column": 22 }, "end": { "line": 7, "column": 48 } },
        "type": "binary-expr",
        "locations": [
          { "start": { "line": 7, "column": 22 }, "end": { "line": 7, "column": 38 } },
          { "start": { "line": 7, "column": 42 }, "end": { "line": 7, "column": 48 } }
        ],
        "line": 7
      },
      "2": {
        "loc": { "start": { "line": 8, "column": 18 }, "end": { "line": 8, "column": 69 } },
        "type": "binary-expr",
        "locations": [
          { "start": { "line": 8, "column": 18 }, "end": { "line": 8, "column": 39 } },
          { "start": { "line": 8, "column": 43 }, "end": { "line": 8, "column": 69 } }
        ],
        "line": 8
      },
      "3": {
        "loc": { "start": { "line": 60, "column": 91 }, "end": { "line": 60, "column": 105 } },
        "type": "binary-expr",
        "locations": [
          { "start": { "line": 60, "column": 91 }, "end": { "line": 60, "column": 99 } },
          { "start": { "line": 60, "column": 103 }, "end": { "line": 60, "column": 105 } }
        ],
        "line": 60
      }
    },
    "s": {
      "0": 0,
      "1": 0,
      "2": 0,
      "3": 0,
      "4": 0,
      "5": 0,
      "6": 0,
      "7": 0,
      "8": 0,
      "9": 0,
      "10": 0,
      "11": 0,
      "12": 0,
      "13": 0,
      "14": 0,
      "15": 0,
      "16": 0,
      "17": 0,
      "18": 0,
      "19": 0,
      "20": 0,
      "21": 0,
      "22": 0,
      "23": 0,
      "24": 0,
      "25": 0,
      "26": 0,
      "27": 0,
      "28": 0,
      "29": 0,
      "30": 0,
      "31": 0,
      "32": 0,
      "33": 0,
      "34": 0,
      "35": 0,
      "36": 0,
      "37": 0,
      "38": 0,
      "39": 0,
      "40": 0,
      "41": 0,
      "42": 0,
      "43": 0,
      "44": 0
    },
    "f": {
      "0": 0,
      "1": 0,
      "2": 0,
      "3": 0,
      "4": 0,
      "5": 0,
      "6": 0,
      "7": 0,
      "8": 0,
      "9": 0,
      "10": 0
    },
    "b": { "0": [0, 0], "1": [0, 0], "2": [0, 0], "3": [0, 0] },
    "inputSourceMap": null
  },
  "/Users/alexdumats/CLI-trading/agents/notification-manager/src/index.js": {
    "path": "/Users/alexdumats/CLI-trading/agents/notification-manager/src/index.js",
    "statementMap": {
      "0": { "start": { "line": 9, "column": 0 }, "end": { "line": 11, "column": 1 } },
      "1": { "start": { "line": 10, "column": 2 }, "end": { "line": 10, "column": 106 } },
      "2": { "start": { "line": 10, "column": 8 }, "end": { "line": 10, "column": 95 } },
      "3": { "start": { "line": 13, "column": 21 }, "end": { "line": 13, "column": 78 } },
      "4": { "start": { "line": 14, "column": 13 }, "end": { "line": 14, "column": 53 } },
      "5": { "start": { "line": 15, "column": 18 }, "end": { "line": 15, "column": 69 } },
      "6": { "start": { "line": 18, "column": 12 }, "end": { "line": 18, "column": 32 } },
      "7": { "start": { "line": 19, "column": 12 }, "end": { "line": 19, "column": 32 } },
      "8": { "start": { "line": 20, "column": 0 }, "end": { "line": 20, "column": 91 } },
      "9": { "start": { "line": 20, "column": 25 }, "end": { "line": 20, "column": 89 } },
      "10": { "start": { "line": 21, "column": 0 }, "end": { "line": 21, "column": 91 } },
      "11": { "start": { "line": 21, "column": 25 }, "end": { "line": 21, "column": 89 } },
      "12": { "start": { "line": 24, "column": 17 }, "end": { "line": 26, "column": 1 } },
      "13": { "start": { "line": 29, "column": 15 }, "end": { "line": 29, "column": 17 } },
      "14": { "start": { "line": 30, "column": 19 }, "end": { "line": 30, "column": 22 } },
      "15": { "start": { "line": 32, "column": 12 }, "end": { "line": 32, "column": 21 } },
      "16": { "start": { "line": 33, "column": 15 }, "end": { "line": 33, "column": 41 } },
      "17": { "start": { "line": 34, "column": 0 }, "end": { "line": 34, "column": 24 } },
      "18": { "start": { "line": 35, "column": 0 }, "end": { "line": 35, "column": 39 } },
      "19": { "start": { "line": 36, "column": 0 }, "end": { "line": 36, "column": 41 } },
      "20": { "start": { "line": 39, "column": 17 }, "end": { "line": 39, "column": 38 } },
      "21": { "start": { "line": 40, "column": 0 }, "end": { "line": 40, "column": 43 } },
      "22": { "start": { "line": 41, "column": 28 }, "end": { "line": 46, "column": 2 } },
      "23": { "start": { "line": 47, "column": 0 }, "end": { "line": 47, "column": 45 } },
      "24": { "start": { "line": 48, "column": 27 }, "end": { "line": 48, "column": 152 } },
      "25": { "start": { "line": 49, "column": 0 }, "end": { "line": 49, "column": 44 } },
      "26": { "start": { "line": 52, "column": 0 }, "end": { "line": 56, "column": 3 } },
      "27": { "start": { "line": 53, "column": 14 }, "end": { "line": 53, "column": 84 } },
      "28": { "start": { "line": 54, "column": 2 }, "end": { "line": 54, "column": 66 } },
      "29": { "start": { "line": 54, "column": 25 }, "end": { "line": 54, "column": 64 } },
      "30": { "start": { "line": 55, "column": 2 }, "end": { "line": 55, "column": 9 } },
      "31": { "start": { "line": 59, "column": 0 }, "end": { "line": 68, "column": 3 } },
      "32": { "start": { "line": 60, "column": 20 }, "end": { "line": 60, "column": 29 } },
      "33": { "start": { "line": 61, "column": 2 }, "end": { "line": 66, "column": 3 } },
      "34": { "start": { "line": 62, "column": 4 }, "end": { "line": 62, "column": 21 } },
      "35": { "start": { "line": 62, "column": 22 }, "end": { "line": 62, "column": 39 } },
      "36": { "start": { "line": 63, "column": 4 }, "end": { "line": 63, "column": 23 } },
      "37": { "start": { "line": 65, "column": 4 }, "end": { "line": 65, "column": 26 } },
      "38": { "start": { "line": 67, "column": 2 }, "end": { "line": 67, "column": 128 } },
      "39": { "start": { "line": 71, "column": 0 }, "end": { "line": 74, "column": 3 } },
      "40": { "start": { "line": 72, "column": 2 }, "end": { "line": 72, "column": 48 } },
      "41": { "start": { "line": 73, "column": 2 }, "end": { "line": 73, "column": 36 } },
      "42": { "start": { "line": 77, "column": 0 }, "end": { "line": 77, "column": 102 } },
      "43": { "start": { "line": 77, "column": 34 }, "end": { "line": 77, "column": 100 } },
      "44": { "start": { "line": 78, "column": 0 }, "end": { "line": 78, "column": 95 } },
      "45": { "start": { "line": 78, "column": 44 }, "end": { "line": 78, "column": 93 } },
      "46": { "start": { "line": 79, "column": 0 }, "end": { "line": 101, "column": 3 } },
      "47": { "start": { "line": 80, "column": 2 }, "end": { "line": 100, "column": 3 } },
      "48": { "start": { "line": 82, "column": 16 }, "end": { "line": 82, "column": 73 } },
      "49": { "start": { "line": 82, "column": 32 }, "end": { "line": 82, "column": 56 } },
      "50": { "start": { "line": 83, "column": 17 }, "end": { "line": 83, "column": 32 } },
      "51": { "start": { "line": 84, "column": 15 }, "end": { "line": 84, "column": 17 } },
      "52": { "start": { "line": 85, "column": 4 }, "end": { "line": 90, "column": 5 } },
      "53": { "start": { "line": 86, "column": 19 }, "end": { "line": 86, "column": 33 } },
      "54": { "start": { "line": 87, "column": 6 }, "end": { "line": 87, "column": 40 } },
      "55": { "start": { "line": 87, "column": 24 }, "end": { "line": 87, "column": 38 } },
      "56": { "start": { "line": 88, "column": 22 }, "end": { "line": 88, "column": 39 } },
      "57": { "start": { "line": 89, "column": 6 }, "end": { "line": 89, "column": 61 } },
      "58": { "start": { "line": 89, "column": 31 }, "end": { "line": 89, "column": 58 } },
      "59": { "start": { "line": 91, "column": 14 }, "end": { "line": 91, "column": 15 } },
      "60": { "start": { "line": 92, "column": 20 }, "end": { "line": 96, "column": 6 } },
      "61": { "start": { "line": 93, "column": 17 }, "end": { "line": 93, "column": 41 } },
      "62": { "start": { "line": 94, "column": 20 }, "end": { "line": 94, "column": 53 } },
      "63": { "start": { "line": 95, "column": 6 }, "end": { "line": 95, "column": 29 } },
      "64": { "start": { "line": 97, "column": 4 }, "end": { "line": 97, "column": 34 } },
      "65": { "start": { "line": 99, "column": 4 }, "end": { "line": 99, "column": 84 } },
      "66": { "start": { "line": 104, "column": 24 }, "end": { "line": 104, "column": 77 } },
      "67": { "start": { "line": 105, "column": 22 }, "end": { "line": 105, "column": 48 } },
      "68": { "start": { "line": 106, "column": 0 }, "end": { "line": 118, "column": 3 } },
      "69": { "start": { "line": 107, "column": 16 }, "end": { "line": 107, "column": 49 } },
      "70": { "start": { "line": 108, "column": 2 }, "end": { "line": 108, "column": 124 } },
      "71": { "start": { "line": 108, "column": 69 }, "end": { "line": 108, "column": 124 } },
      "72": { "start": { "line": 109, "column": 33 }, "end": { "line": 109, "column": 47 } },
      "73": { "start": { "line": 110, "column": 13 }, "end": { "line": 110, "column": 33 } },
      "74": { "start": { "line": 111, "column": 2 }, "end": { "line": 111, "column": 81 } },
      "75": { "start": { "line": 111, "column": 11 }, "end": { "line": 111, "column": 81 } },
      "76": { "start": { "line": 112, "column": 2 }, "end": { "line": 117, "column": 3 } },
      "77": { "start": { "line": 113, "column": 4 }, "end": { "line": 113, "column": 58 } },
      "78": { "start": { "line": 114, "column": 4 }, "end": { "line": 114, "column": 60 } },
      "79": { "start": { "line": 116, "column": 4 }, "end": { "line": 116, "column": 83 } },
      "80": { "start": { "line": 121, "column": 0 }, "end": { "line": 136, "column": 3 } },
      "81": { "start": { "line": 122, "column": 16 }, "end": { "line": 122, "column": 49 } },
      "82": { "start": { "line": 123, "column": 2 }, "end": { "line": 123, "column": 124 } },
      "83": { "start": { "line": 123, "column": 69 }, "end": { "line": 123, "column": 124 } },
      "84": { "start": { "line": 124, "column": 17 }, "end": { "line": 124, "column": 48 } },
      "85": { "start": { "line": 125, "column": 2 }, "end": { "line": 135, "column": 3 } },
      "86": { "start": { "line": 126, "column": 20 }, "end": { "line": 126, "column": 67 } },
      "87": { "start": { "line": 127, "column": 19 }, "end": { "line": 131, "column": 6 } },
      "88": { "start": { "line": 128, "column": 18 }, "end": { "line": 128, "column": 73 } },
      "89": { "start": { "line": 128, "column": 45 }, "end": { "line": 128, "column": 72 } },
      "90": { "start": { "line": 129, "column": 22 }, "end": { "line": 129, "column": 55 } },
      "91": { "start": { "line": 130, "column": 6 }, "end": { "line": 130, "column": 67 } },
      "92": { "start": { "line": 132, "column": 4 }, "end": { "line": 132, "column": 49 } },
      "93": { "start": { "line": 134, "column": 4 }, "end": { "line": 134, "column": 98 } },
      "94": { "start": { "line": 139, "column": 26 }, "end": { "line": 139, "column": 61 } },
      "95": { "start": { "line": 140, "column": 0 }, "end": { "line": 193, "column": 5 } },
      "96": { "start": { "line": 141, "column": 17 }, "end": { "line": 141, "column": 39 } },
      "97": { "start": { "line": 142, "column": 16 }, "end": { "line": 142, "column": 24 } },
      "98": { "start": { "line": 143, "column": 2 }, "end": { "line": 143, "column": 112 } },
      "99": { "start": { "line": 143, "column": 66 }, "end": { "line": 143, "column": 108 } },
      "100": { "start": { "line": 144, "column": 2 }, "end": { "line": 192, "column": 5 } },
      "101": { "start": { "line": 149, "column": 44 }, "end": { "line": 149, "column": 103 } },
      "102": { "start": { "line": 153, "column": 6 }, "end": { "line": 153, "column": 70 } },
      "103": { "start": { "line": 154, "column": 6 }, "end": { "line": 154, "column": 53 } },
      "104": { "start": { "line": 154, "column": 38 }, "end": { "line": 154, "column": 53 } },
      "105": { "start": { "line": 155, "column": 6 }, "end": { "line": 155, "column": 134 } },
      "106": { "start": { "line": 158, "column": 18 }, "end": { "line": 158, "column": 58 } },
      "107": { "start": { "line": 159, "column": 20 }, "end": { "line": 159, "column": 79 } },
      "108": { "start": { "line": 160, "column": 20 }, "end": { "line": 160, "column": 65 } },
      "109": { "start": { "line": 161, "column": 25 }, "end": { "line": 161, "column": 56 } },
      "110": { "start": { "line": 162, "column": 22 }, "end": { "line": 162, "column": 50 } },
      "111": { "start": { "line": 163, "column": 21 }, "end": { "line": 168, "column": 7 } },
      "112": { "start": { "line": 169, "column": 6 }, "end": { "line": 171, "column": 7 } },
      "113": { "start": { "line": 170, "column": 8 }, "end": { "line": 170, "column": 116 } },
      "114": { "start": { "line": 172, "column": 21 }, "end": { "line": 175, "column": 7 } },
      "115": { "start": { "line": 176, "column": 6 }, "end": { "line": 179, "column": 7 } },
      "116": { "start": { "line": 177, "column": 22 }, "end": { "line": 177, "column": 141 } },
      "117": { "start": { "line": 178, "column": 8 }, "end": { "line": 178, "column": 97 } },
      "118": { "start": { "line": 178, "column": 19 }, "end": { "line": 178, "column": 97 } },
      "119": { "start": { "line": 180, "column": 22 }, "end": { "line": 180, "column": 72 } },
      "120": { "start": { "line": 182, "column": 19 }, "end": { "line": 185, "column": 28 } },
      "121": { "start": { "line": 187, "column": 6 }, "end": { "line": 190, "column": 7 } },
      "122": { "start": { "line": 188, "column": 21 }, "end": { "line": 188, "column": 138 } },
      "123": { "start": { "line": 189, "column": 8 }, "end": { "line": 189, "column": 77 } },
      "124": { "start": { "line": 189, "column": 22 }, "end": { "line": 189, "column": 77 } },
      "125": { "start": { "line": 196, "column": 0 }, "end": { "line": 198, "column": 3 } },
      "126": { "start": { "line": 197, "column": 2 }, "end": { "line": 197, "column": 63 } },
      "127": { "start": { "line": 200, "column": 15 }, "end": { "line": 202, "column": 2 } },
      "128": { "start": { "line": 201, "column": 2 }, "end": { "line": 201, "column": 43 } },
      "129": { "start": { "line": 204, "column": 17 }, "end": { "line": 210, "column": 1 } },
      "130": { "start": { "line": 205, "column": 2 }, "end": { "line": 205, "column": 31 } },
      "131": { "start": { "line": 206, "column": 2 }, "end": { "line": 206, "column": 51 } },
      "132": { "start": { "line": 206, "column": 21 }, "end": { "line": 206, "column": 49 } },
      "133": { "start": { "line": 207, "column": 2 }, "end": { "line": 207, "column": 36 } },
      "134": { "start": { "line": 207, "column": 8 }, "end": { "line": 207, "column": 25 } },
      "135": { "start": { "line": 208, "column": 2 }, "end": { "line": 208, "column": 36 } },
      "136": { "start": { "line": 208, "column": 8 }, "end": { "line": 208, "column": 25 } },
      "137": { "start": { "line": 209, "column": 2 }, "end": { "line": 209, "column": 18 } },
      "138": { "start": { "line": 211, "column": 0 }, "end": { "line": 211, "column": 31 } },
      "139": { "start": { "line": 212, "column": 0 }, "end": { "line": 212, "column": 32 } }
    },
    "fnMap": {
      "0": {
        "name": "(anonymous_0)",
        "decl": { "start": { "line": 20, "column": 16 }, "end": { "line": 20, "column": 17 } },
        "loc": { "start": { "line": 20, "column": 25 }, "end": { "line": 20, "column": 89 } },
        "line": 20
      },
      "1": {
        "name": "(anonymous_1)",
        "decl": { "start": { "line": 21, "column": 16 }, "end": { "line": 21, "column": 17 } },
        "loc": { "start": { "line": 21, "column": 25 }, "end": { "line": 21, "column": 89 } },
        "line": 21
      },
      "2": {
        "name": "(anonymous_2)",
        "decl": { "start": { "line": 52, "column": 8 }, "end": { "line": 52, "column": 9 } },
        "loc": { "start": { "line": 52, "column": 28 }, "end": { "line": 56, "column": 1 } },
        "line": 52
      },
      "3": {
        "name": "(anonymous_3)",
        "decl": { "start": { "line": 54, "column": 19 }, "end": { "line": 54, "column": 20 } },
        "loc": { "start": { "line": 54, "column": 25 }, "end": { "line": 54, "column": 64 } },
        "line": 54
      },
      "4": {
        "name": "(anonymous_4)",
        "decl": { "start": { "line": 59, "column": 19 }, "end": { "line": 59, "column": 20 } },
        "loc": { "start": { "line": 59, "column": 39 }, "end": { "line": 68, "column": 1 } },
        "line": 59
      },
      "5": {
        "name": "(anonymous_5)",
        "decl": { "start": { "line": 71, "column": 20 }, "end": { "line": 71, "column": 21 } },
        "loc": { "start": { "line": 71, "column": 40 }, "end": { "line": 74, "column": 1 } },
        "line": 71
      },
      "6": {
        "name": "(anonymous_6)",
        "decl": { "start": { "line": 77, "column": 20 }, "end": { "line": 77, "column": 21 } },
        "loc": { "start": { "line": 77, "column": 34 }, "end": { "line": 77, "column": 100 } },
        "line": 77
      },
      "7": {
        "name": "(anonymous_7)",
        "decl": { "start": { "line": 78, "column": 30 }, "end": { "line": 78, "column": 31 } },
        "loc": { "start": { "line": 78, "column": 44 }, "end": { "line": 78, "column": 93 } },
        "line": 78
      },
      "8": {
        "name": "(anonymous_8)",
        "decl": { "start": { "line": 79, "column": 26 }, "end": { "line": 79, "column": 27 } },
        "loc": { "start": { "line": 79, "column": 46 }, "end": { "line": 101, "column": 1 } },
        "line": 79
      },
      "9": {
        "name": "(anonymous_9)",
        "decl": { "start": { "line": 82, "column": 27 }, "end": { "line": 82, "column": 28 } },
        "loc": { "start": { "line": 82, "column": 32 }, "end": { "line": 82, "column": 56 } },
        "line": 82
      },
      "10": {
        "name": "(anonymous_10)",
        "decl": { "start": { "line": 87, "column": 19 }, "end": { "line": 87, "column": 20 } },
        "loc": { "start": { "line": 87, "column": 24 }, "end": { "line": 87, "column": 38 } },
        "line": 87
      },
      "11": {
        "name": "(anonymous_11)",
        "decl": { "start": { "line": 89, "column": 25 }, "end": { "line": 89, "column": 26 } },
        "loc": { "start": { "line": 89, "column": 31 }, "end": { "line": 89, "column": 58 } },
        "line": 89
      },
      "12": {
        "name": "(anonymous_12)",
        "decl": { "start": { "line": 92, "column": 31 }, "end": { "line": 92, "column": 32 } },
        "loc": { "start": { "line": 92, "column": 36 }, "end": { "line": 96, "column": 5 } },
        "line": 92
      },
      "13": {
        "name": "ackKey",
        "decl": { "start": { "line": 105, "column": 9 }, "end": { "line": 105, "column": 15 } },
        "loc": { "start": { "line": 105, "column": 20 }, "end": { "line": 105, "column": 50 } },
        "line": 105
      },
      "14": {
        "name": "(anonymous_14)",
        "decl": { "start": { "line": 106, "column": 30 }, "end": { "line": 106, "column": 31 } },
        "loc": { "start": { "line": 106, "column": 50 }, "end": { "line": 118, "column": 1 } },
        "line": 106
      },
      "15": {
        "name": "(anonymous_15)",
        "decl": { "start": { "line": 121, "column": 22 }, "end": { "line": 121, "column": 23 } },
        "loc": { "start": { "line": 121, "column": 42 }, "end": { "line": 136, "column": 1 } },
        "line": 121
      },
      "16": {
        "name": "(anonymous_16)",
        "decl": { "start": { "line": 127, "column": 31 }, "end": { "line": 127, "column": 32 } },
        "loc": { "start": { "line": 127, "column": 49 }, "end": { "line": 131, "column": 5 } },
        "line": 127
      },
      "17": {
        "name": "(anonymous_17)",
        "decl": { "start": { "line": 128, "column": 35 }, "end": { "line": 128, "column": 36 } },
        "loc": { "start": { "line": 128, "column": 45 }, "end": { "line": 128, "column": 72 } },
        "line": 128
      },
      "18": {
        "name": "(anonymous_18)",
        "decl": { "start": { "line": 140, "column": 7 }, "end": { "line": 140, "column": 8 } },
        "loc": { "start": { "line": 140, "column": 19 }, "end": { "line": 193, "column": 1 } },
        "line": 140
      },
      "19": {
        "name": "(anonymous_19)",
        "decl": { "start": { "line": 143, "column": 60 }, "end": { "line": 143, "column": 61 } },
        "loc": { "start": { "line": 143, "column": 66 }, "end": { "line": 143, "column": 108 } },
        "line": 143
      },
      "20": {
        "name": "(anonymous_20)",
        "decl": { "start": { "line": 149, "column": 38 }, "end": { "line": 149, "column": 39 } },
        "loc": { "start": { "line": 149, "column": 44 }, "end": { "line": 149, "column": 103 } },
        "line": 149
      },
      "21": {
        "name": "(anonymous_21)",
        "decl": { "start": { "line": 152, "column": 13 }, "end": { "line": 152, "column": 14 } },
        "loc": { "start": { "line": 152, "column": 43 }, "end": { "line": 191, "column": 5 } },
        "line": 152
      },
      "22": {
        "name": "(anonymous_22)",
        "decl": { "start": { "line": 196, "column": 8 }, "end": { "line": 196, "column": 9 } },
        "loc": { "start": { "line": 196, "column": 22 }, "end": { "line": 198, "column": 1 } },
        "line": 196
      },
      "23": {
        "name": "(anonymous_23)",
        "decl": { "start": { "line": 200, "column": 32 }, "end": { "line": 200, "column": 33 } },
        "loc": { "start": { "line": 200, "column": 38 }, "end": { "line": 202, "column": 1 } },
        "line": 200
      },
      "24": {
        "name": "(anonymous_24)",
        "decl": { "start": { "line": 204, "column": 17 }, "end": { "line": 204, "column": 18 } },
        "loc": { "start": { "line": 204, "column": 29 }, "end": { "line": 210, "column": 1 } },
        "line": 204
      },
      "25": {
        "name": "(anonymous_25)",
        "decl": { "start": { "line": 206, "column": 15 }, "end": { "line": 206, "column": 16 } },
        "loc": { "start": { "line": 206, "column": 21 }, "end": { "line": 206, "column": 49 } },
        "line": 206
      }
    },
    "branchMap": {
      "0": {
        "loc": { "start": { "line": 9, "column": 0 }, "end": { "line": 11, "column": 1 } },
        "type": "if",
        "locations": [
          { "start": { "line": 9, "column": 0 }, "end": { "line": 11, "column": 1 } },
          { "start": {}, "end": {} }
        ],
        "line": 9
      },
      "1": {
        "loc": { "start": { "line": 9, "column": 4 }, "end": { "line": 9, "column": 60 } },
        "type": "binary-expr",
        "locations": [
          { "start": { "line": 9, "column": 4 }, "end": { "line": 9, "column": 32 } },
          { "start": { "line": 9, "column": 36 }, "end": { "line": 9, "column": 60 } }
        ],
        "line": 9
      },
      "2": {
        "loc": { "start": { "line": 13, "column": 21 }, "end": { "line": 13, "column": 78 } },
        "type": "binary-expr",
        "locations": [
          { "start": { "line": 13, "column": 21 }, "end": { "line": 13, "column": 45 } },
          { "start": { "line": 13, "column": 49 }, "end": { "line": 13, "column": 78 } }
        ],
        "line": 13
      },
      "3": {
        "loc": { "start": { "line": 14, "column": 22 }, "end": { "line": 14, "column": 48 } },
        "type": "binary-expr",
        "locations": [
          { "start": { "line": 14, "column": 22 }, "end": { "line": 14, "column": 38 } },
          { "start": { "line": 14, "column": 42 }, "end": { "line": 14, "column": 48 } }
        ],
        "line": 14
      },
      "4": {
        "loc": { "start": { "line": 15, "column": 18 }, "end": { "line": 15, "column": 69 } },
        "type": "binary-expr",
        "locations": [
          { "start": { "line": 15, "column": 18 }, "end": { "line": 15, "column": 39 } },
          { "start": { "line": 15, "column": 43 }, "end": { "line": 15, "column": 69 } }
        ],
        "line": 15
      },
      "5": {
        "loc": { "start": { "line": 82, "column": 32 }, "end": { "line": 82, "column": 56 } },
        "type": "binary-expr",
        "locations": [
          { "start": { "line": 82, "column": 32 }, "end": { "line": 82, "column": 41 } },
          { "start": { "line": 82, "column": 45 }, "end": { "line": 82, "column": 56 } }
        ],
        "line": 82
      },
      "6": {
        "loc": { "start": { "line": 85, "column": 4 }, "end": { "line": 90, "column": 5 } },
        "type": "if",
        "locations": [
          { "start": { "line": 85, "column": 4 }, "end": { "line": 90, "column": 5 } },
          { "start": {}, "end": {} }
        ],
        "line": 85
      },
      "7": {
        "loc": { "start": { "line": 89, "column": 31 }, "end": { "line": 89, "column": 58 } },
        "type": "cond-expr",
        "locations": [
          { "start": { "line": 89, "column": 50 }, "end": { "line": 89, "column": 54 } },
          { "start": { "line": 89, "column": 57 }, "end": { "line": 89, "column": 58 } }
        ],
        "line": 89
      },
      "8": {
        "loc": { "start": { "line": 93, "column": 17 }, "end": { "line": 93, "column": 41 } },
        "type": "binary-expr",
        "locations": [
          { "start": { "line": 93, "column": 17 }, "end": { "line": 93, "column": 26 } },
          { "start": { "line": 93, "column": 30 }, "end": { "line": 93, "column": 41 } }
        ],
        "line": 93
      },
      "9": {
        "loc": { "start": { "line": 94, "column": 20 }, "end": { "line": 94, "column": 53 } },
        "type": "cond-expr",
        "locations": [
          { "start": { "line": 94, "column": 25 }, "end": { "line": 94, "column": 45 } },
          { "start": { "line": 94, "column": 48 }, "end": { "line": 94, "column": 53 } }
        ],
        "line": 94
      },
      "10": {
        "loc": { "start": { "line": 99, "column": 64 }, "end": { "line": 99, "column": 79 } },
        "type": "binary-expr",
        "locations": [
          { "start": { "line": 99, "column": 64 }, "end": { "line": 99, "column": 74 } },
          { "start": { "line": 99, "column": 78 }, "end": { "line": 99, "column": 79 } }
        ],
        "line": 99
      },
      "11": {
        "loc": { "start": { "line": 104, "column": 33 }, "end": { "line": 104, "column": 72 } },
        "type": "binary-expr",
        "locations": [
          { "start": { "line": 104, "column": 33 }, "end": { "line": 104, "column": 60 } },
          { "start": { "line": 104, "column": 64 }, "end": { "line": 104, "column": 72 } }
        ],
        "line": 104
      },
      "12": {
        "loc": { "start": { "line": 107, "column": 16 }, "end": { "line": 107, "column": 49 } },
        "type": "binary-expr",
        "locations": [
          { "start": { "line": 107, "column": 16 }, "end": { "line": 107, "column": 43 } },
          { "start": { "line": 107, "column": 47 }, "end": { "line": 107, "column": 49 } }
        ],
        "line": 107
      },
      "13": {
        "loc": { "start": { "line": 108, "column": 2 }, "end": { "line": 108, "column": 124 } },
        "type": "if",
        "locations": [
          { "start": { "line": 108, "column": 2 }, "end": { "line": 108, "column": 124 } },
          { "start": {}, "end": {} }
        ],
        "line": 108
      },
      "14": {
        "loc": { "start": { "line": 108, "column": 6 }, "end": { "line": 108, "column": 67 } },
        "type": "binary-expr",
        "locations": [
          { "start": { "line": 108, "column": 6 }, "end": { "line": 108, "column": 30 } },
          { "start": { "line": 108, "column": 34 }, "end": { "line": 108, "column": 67 } }
        ],
        "line": 108
      },
      "15": {
        "loc": { "start": { "line": 109, "column": 33 }, "end": { "line": 109, "column": 47 } },
        "type": "binary-expr",
        "locations": [
          { "start": { "line": 109, "column": 33 }, "end": { "line": 109, "column": 41 } },
          { "start": { "line": 109, "column": 45 }, "end": { "line": 109, "column": 47 } }
        ],
        "line": 109
      },
      "16": {
        "loc": { "start": { "line": 110, "column": 13 }, "end": { "line": 110, "column": 33 } },
        "type": "binary-expr",
        "locations": [
          { "start": { "line": 110, "column": 13 }, "end": { "line": 110, "column": 20 } },
          { "start": { "line": 110, "column": 24 }, "end": { "line": 110, "column": 33 } }
        ],
        "line": 110
      },
      "17": {
        "loc": { "start": { "line": 111, "column": 2 }, "end": { "line": 111, "column": 81 } },
        "type": "if",
        "locations": [
          { "start": { "line": 111, "column": 2 }, "end": { "line": 111, "column": 81 } },
          { "start": {}, "end": {} }
        ],
        "line": 111
      },
      "18": {
        "loc": { "start": { "line": 116, "column": 63 }, "end": { "line": 116, "column": 78 } },
        "type": "binary-expr",
        "locations": [
          { "start": { "line": 116, "column": 63 }, "end": { "line": 116, "column": 73 } },
          { "start": { "line": 116, "column": 77 }, "end": { "line": 116, "column": 78 } }
        ],
        "line": 116
      },
      "19": {
        "loc": { "start": { "line": 122, "column": 16 }, "end": { "line": 122, "column": 49 } },
        "type": "binary-expr",
        "locations": [
          { "start": { "line": 122, "column": 16 }, "end": { "line": 122, "column": 43 } },
          { "start": { "line": 122, "column": 47 }, "end": { "line": 122, "column": 49 } }
        ],
        "line": 122
      },
      "20": {
        "loc": { "start": { "line": 123, "column": 2 }, "end": { "line": 123, "column": 124 } },
        "type": "if",
        "locations": [
          { "start": { "line": 123, "column": 2 }, "end": { "line": 123, "column": 124 } },
          { "start": {}, "end": {} }
        ],
        "line": 123
      },
      "21": {
        "loc": { "start": { "line": 123, "column": 6 }, "end": { "line": 123, "column": 67 } },
        "type": "binary-expr",
        "locations": [
          { "start": { "line": 123, "column": 6 }, "end": { "line": 123, "column": 30 } },
          { "start": { "line": 123, "column": 34 }, "end": { "line": 123, "column": 67 } }
        ],
        "line": 123
      },
      "22": {
        "loc": { "start": { "line": 128, "column": 45 }, "end": { "line": 128, "column": 72 } },
        "type": "binary-expr",
        "locations": [
          { "start": { "line": 128, "column": 45 }, "end": { "line": 128, "column": 56 } },
          { "start": { "line": 128, "column": 60 }, "end": { "line": 128, "column": 72 } }
        ],
        "line": 128
      },
      "23": {
        "loc": { "start": { "line": 129, "column": 22 }, "end": { "line": 129, "column": 55 } },
        "type": "cond-expr",
        "locations": [
          { "start": { "line": 129, "column": 33 }, "end": { "line": 129, "column": 48 } },
          { "start": { "line": 129, "column": 51 }, "end": { "line": 129, "column": 55 } }
        ],
        "line": 129
      },
      "24": {
        "loc": { "start": { "line": 130, "column": 28 }, "end": { "line": 130, "column": 64 } },
        "type": "cond-expr",
        "locations": [
          { "start": { "line": 130, "column": 38 }, "end": { "line": 130, "column": 57 } },
          { "start": { "line": 130, "column": 60 }, "end": { "line": 130, "column": 64 } }
        ],
        "line": 130
      },
      "25": {
[...]
        "line": 8
      },
      "1": {
        "loc": { "start": { "line": 9, "column": 28 }, "end": { "line": 9, "column": 64 } },
        "type": "binary-expr",
        "locations": [
          { "start": { "line": 9, "column": 28 }, "end": { "line": 9, "column": 56 } },
          { "start": { "line": 9, "column": 60 }, "end": { "line": 9, "column": 64 } }
        ],
        "line": 9
      },
      "2": {
        "loc": { "start": { "line": 10, "column": 33 }, "end": { "line": 10, "column": 64 } },
        "type": "binary-expr",
        "locations": [
          { "start": { "line": 10, "column": 33 }, "end": { "line": 10, "column": 57 } },
          { "start": { "line": 10, "column": 61 }, "end": { "line": 10, "column": 64 } }
        ],
        "line": 10
      },
      "3": {
        "loc": { "start": { "line": 12, "column": 24 }, "end": { "line": 12, "column": 31 } },
        "type": "default-arg",
        "locations": [
          { "start": { "line": 12, "column": 30 }, "end": { "line": 12, "column": 31 } }
        ],
        "line": 12
      },
      "4": {
        "loc": { "start": { "line": 12, "column": 33 }, "end": { "line": 12, "column": 53 } },
        "type": "default-arg",
        "locations": [
          { "start": { "line": 12, "column": 41 }, "end": { "line": 12, "column": 53 } }
        ],
        "line": 12
      }
    },
    "s": { "0": 0, "1": 0, "2": 0, "3": 0, "4": 0, "5": 0, "6": 0, "7": 0, "8": 0, "9": 0 },
    "f": { "0": 0, "1": 0, "2": 0 },
    "b": { "0": [0, 0], "1": [0, 0], "2": [0, 0], "3": [0], "4": [0] },
    "inputSourceMap": null
  },
  "/Users/alexdumats/CLI-trading/common/integrations/jira.js": {
    "path": "/Users/alexdumats/CLI-trading/common/integrations/jira.js",
    "statementMap": {
      "0": { "start": { "line": 4, "column": 2 }, "end": { "line": 4, "column": 75 } },
      "1": { "start": { "line": 4, "column": 8 }, "end": { "line": 4, "column": 52 } },
      "2": { "start": { "line": 4, "column": 63 }, "end": { "line": 4, "column": 73 } },
      "3": { "start": { "line": 8, "column": 18 }, "end": { "line": 8, "column": 49 } },
      "4": { "start": { "line": 9, "column": 16 }, "end": { "line": 9, "column": 44 } },
      "5": { "start": { "line": 10, "column": 14 }, "end": { "line": 10, "column": 46 } },
      "6": { "start": { "line": 11, "column": 2 }, "end": { "line": 11, "column": 101 } },
      "7": { "start": { "line": 11, "column": 49 }, "end": { "line": 11, "column": 101 } },
      "8": { "start": { "line": 12, "column": 2 }, "end": { "line": 12, "column": 48 } },
      "9": { "start": { "line": 12, "column": 36 }, "end": { "line": 12, "column": 48 } },
      "10": { "start": { "line": 13, "column": 2 }, "end": { "line": 13, "column": 35 } },
      "11": { "start": { "line": 17, "column": 15 }, "end": { "line": 17, "column": 24 } },
      "12": { "start": { "line": 18, "column": 2 }, "end": { "line": 18, "column": 77 } },
      "13": { "start": { "line": 18, "column": 13 }, "end": { "line": 18, "column": 77 } },
      "14": { "start": { "line": 19, "column": 21 }, "end": { "line": 19, "column": 58 } },
      "15": { "start": { "line": 20, "column": 20 }, "end": { "line": 20, "column": 57 } },
      "16": { "start": { "line": 21, "column": 15 }, "end": { "line": 30, "column": 3 } },
      "17": { "start": { "line": 31, "column": 15 }, "end": { "line": 39, "column": 4 } },
      "18": { "start": { "line": 40, "column": 2 }, "end": { "line": 40, "column": 87 } },
      "19": { "start": { "line": 40, "column": 16 }, "end": { "line": 40, "column": 87 } },
      "20": { "start": { "line": 41, "column": 15 }, "end": { "line": 41, "column": 50 } },
      "21": { "start": { "line": 41, "column": 46 }, "end": { "line": 41, "column": 48 } },
      "22": { "start": { "line": 42, "column": 2 }, "end": { "line": 42, "column": 50 } },
      "23": { "start": { "line": 46, "column": 2 }, "end": { "line": 46, "column": 56 } },
      "24": { "start": { "line": 46, "column": 8 }, "end": { "line": 46, "column": 33 } },
      "25": { "start": { "line": 46, "column": 44 }, "end": { "line": 46, "column": 54 } }
    },
    "fnMap": {
      "0": {
        "name": "readSecret",
        "decl": { "start": { "line": 3, "column": 9 }, "end": { "line": 3, "column": 19 } },
        "loc": { "start": { "line": 3, "column": 26 }, "end": { "line": 5, "column": 1 } },
        "line": 3
      },
      "1": {
        "name": "getAuth",
        "decl": { "start": { "line": 7, "column": 9 }, "end": { "line": 7, "column": 16 } },
        "loc": { "start": { "line": 7, "column": 19 }, "end": { "line": 14, "column": 1 } },
        "line": 7
      },
      "2": {
        "name": "createJiraIssue",
        "decl": { "start": { "line": 16, "column": 22 }, "end": { "line": 16, "column": 37 } },
        "loc": { "start": { "line": 16, "column": 90 }, "end": { "line": 43, "column": 1 } },
        "line": 16
      },
      "3": {
        "name": "(anonymous_3)",
        "decl": { "start": { "line": 41, "column": 39 }, "end": { "line": 41, "column": 40 } },
        "loc": { "start": { "line": 41, "column": 46 }, "end": { "line": 41, "column": 48 } },
        "line": 41
      },
      "4": {
        "name": "safeText",
        "decl": { "start": { "line": 45, "column": 15 }, "end": { "line": 45, "column": 23 } },
        "loc": { "start": { "line": 45, "column": 30 }, "end": { "line": 47, "column": 1 } },
        "line": 45
      }
    },
    "branchMap": {
      "0": {
        "loc": { "start": { "line": 8, "column": 18 }, "end": { "line": 8, "column": 49 } },
        "type": "binary-expr",
        "locations": [
          { "start": { "line": 8, "column": 18 }, "end": { "line": 8, "column": 43 } },
          { "start": { "line": 8, "column": 47 }, "end": { "line": 8, "column": 49 } }
        ],
        "line": 8
      },
      "1": {
        "loc": { "start": { "line": 9, "column": 16 }, "end": { "line": 9, "column": 44 } },
        "type": "binary-expr",
        "locations": [
          { "start": { "line": 9, "column": 16 }, "end": { "line": 9, "column": 38 } },
          { "start": { "line": 9, "column": 42 }, "end": { "line": 9, "column": 44 } }
        ],
        "line": 9
      },
      "2": {
        "loc": { "start": { "line": 10, "column": 14 }, "end": { "line": 10, "column": 46 } },
        "type": "binary-expr",
        "locations": [
          { "start": { "line": 10, "column": 14 }, "end": { "line": 10, "column": 40 } },
          { "start": { "line": 10, "column": 44 }, "end": { "line": 10, "column": 46 } }
        ],
        "line": 10
      },
      "3": {
        "loc": { "start": { "line": 11, "column": 2 }, "end": { "line": 11, "column": 101 } },
        "type": "if",
        "locations": [
          { "start": { "line": 11, "column": 2 }, "end": { "line": 11, "column": 101 } },
          { "start": {}, "end": {} }
        ],
        "line": 11
      },
      "4": {
        "loc": { "start": { "line": 11, "column": 6 }, "end": { "line": 11, "column": 47 } },
        "type": "binary-expr",
        "locations": [
          { "start": { "line": 11, "column": 6 }, "end": { "line": 11, "column": 12 } },
          { "start": { "line": 11, "column": 16 }, "end": { "line": 11, "column": 47 } }
        ],
        "line": 11
      },
      "5": {
        "loc": { "start": { "line": 12, "column": 2 }, "end": { "line": 12, "column": 48 } },
        "type": "if",
        "locations": [
          { "start": { "line": 12, "column": 2 }, "end": { "line": 12, "column": 48 } },
          { "start": {}, "end": {} }
        ],
        "line": 12
      },
      "6": {
        "loc": { "start": { "line": 12, "column": 6 }, "end": { "line": 12, "column": 34 } },
        "type": "binary-expr",
        "locations": [
          { "start": { "line": 12, "column": 6 }, "end": { "line": 12, "column": 14 } },
          { "start": { "line": 12, "column": 18 }, "end": { "line": 12, "column": 24 } },
          { "start": { "line": 12, "column": 28 }, "end": { "line": 12, "column": 34 } }
        ],
        "line": 12
      },
      "7": {
        "loc": { "start": { "line": 16, "column": 62 }, "end": { "line": 16, "column": 73 } },
        "type": "default-arg",
        "locations": [
          { "start": { "line": 16, "column": 71 }, "end": { "line": 16, "column": 73 } }
        ],
        "line": 16
      },
      "8": {
        "loc": { "start": { "line": 16, "column": 75 }, "end": { "line": 16, "column": 86 } },
        "type": "default-arg",
        "locations": [
          { "start": { "line": 16, "column": 84 }, "end": { "line": 16, "column": 86 } }
        ],
        "line": 16
      },
      "9": {
        "loc": { "start": { "line": 18, "column": 2 }, "end": { "line": 18, "column": 77 } },
        "type": "if",
        "locations": [
          { "start": { "line": 18, "column": 2 }, "end": { "line": 18, "column": 77 } },
          { "start": {}, "end": {} }
        ],
        "line": 18
      },
      "10": {
        "loc": { "start": { "line": 19, "column": 21 }, "end": { "line": 19, "column": 58 } },
        "type": "binary-expr",
        "locations": [
          { "start": { "line": 19, "column": 21 }, "end": { "line": 19, "column": 49 } },
          { "start": { "line": 19, "column": 53 }, "end": { "line": 19, "column": 58 } }
        ],
        "line": 19
      },
      "11": {
        "loc": { "start": { "line": 20, "column": 20 }, "end": { "line": 20, "column": 57 } },
        "type": "binary-expr",
        "locations": [
          { "start": { "line": 20, "column": 20 }, "end": { "line": 20, "column": 47 } },
          { "start": { "line": 20, "column": 51 }, "end": { "line": 20, "column": 57 } }
        ],
        "line": 20
      },
      "12": {
        "loc": { "start": { "line": 25, "column": 15 }, "end": { "line": 25, "column": 63 } },
        "type": "binary-expr",
        "locations": [
          { "start": { "line": 25, "column": 15 }, "end": { "line": 25, "column": 37 } },
          { "start": { "line": 25, "column": 41 }, "end": { "line": 25, "column": 63 } }
        ],
        "line": 25
      },
      "13": {
        "loc": { "start": { "line": 26, "column": 19 }, "end": { "line": 26, "column": 36 } },
        "type": "binary-expr",
        "locations": [
          { "start": { "line": 26, "column": 19 }, "end": { "line": 26, "column": 30 } },
          { "start": { "line": 26, "column": 34 }, "end": { "line": 26, "column": 36 } }
        ],
        "line": 26
      },
      "14": {
        "loc": { "start": { "line": 40, "column": 2 }, "end": { "line": 40, "column": 87 } },
        "type": "if",
        "locations": [
          { "start": { "line": 40, "column": 2 }, "end": { "line": 40, "column": 87 } },
          { "start": {}, "end": {} }
        ],
        "line": 40
      }
    },
    "s": {
      "0": 0,
      "1": 0,
      "2": 0,
      "3": 0,
      "4": 0,
      "5": 0,
      "6": 0,
      "7": 0,
      "8": 0,
      "9": 0,
      "10": 0,
      "11": 0,
      "12": 0,
      "13": 0,
      "14": 0,
      "15": 0,
      "16": 0,
      "17": 0,
      "18": 0,
      "19": 0,
      "20": 0,
      "21": 0,
      "22": 0,
      "23": 0,
      "24": 0,
      "25": 0
    },
    "f": { "0": 0, "1": 0, "2": 0, "3": 0, "4": 0 },
    "b": {
      "0": [0, 0],
      "1": [0, 0],
      "2": [0, 0],
      "3": [0, 0],
      "4": [0, 0],
      "5": [0, 0],
      "6": [0, 0, 0],
      "7": [0],
      "8": [0],
      "9": [0, 0],
      "10": [0, 0],
      "11": [0, 0],
      "12": [0, 0],
      "13": [0, 0],
      "14": [0, 0]
    },
    "inputSourceMap": null
  },
  "/Users/alexdumats/CLI-trading/common/integrations/notion.js": {
    "path": "/Users/alexdumats/CLI-trading/common/integrations/notion.js",
    "statementMap": {
      "0": { "start": { "line": 4, "column": 2 }, "end": { "line": 4, "column": 75 } },
      "1": { "start": { "line": 4, "column": 8 }, "end": { "line": 4, "column": 52 } },
      "2": { "start": { "line": 4, "column": 63 }, "end": { "line": 4, "column": 73 } },
      "3": { "start": { "line": 8, "column": 14 }, "end": { "line": 8, "column": 48 } },
      "4": { "start": { "line": 9, "column": 2 }, "end": { "line": 9, "column": 105 } },
      "5": { "start": { "line": 9, "column": 51 }, "end": { "line": 9, "column": 105 } },
      "6": { "start": { "line": 10, "column": 21 }, "end": { "line": 10, "column": 57 } },
      "7": { "start": { "line": 11, "column": 2 }, "end": { "line": 11, "column": 41 } },
      "8": { "start": { "line": 11, "column": 29 }, "end": { "line": 11, "column": 41 } },
      "9": { "start": { "line": 12, "column": 2 }, "end": { "line": 12, "column": 31 } },
      "10": { "start": { "line": 16, "column": 15 }, "end": { "line": 16, "column": 24 } },
      "11": { "start": { "line": 17, "column": 2 }, "end": { "line": 17, "column": 79 } },
      "12": { "start": { "line": 17, "column": 13 }, "end": { "line": 17, "column": 79 } },
      "13": { "start": { "line": 18, "column": 15 }, "end": { "line": 27, "column": 3 } },
      "14": { "start": { "line": 28, "column": 15 }, "end": { "line": 36, "column": 4 } },
      "15": { "start": { "line": 37, "column": 2 }, "end": { "line": 37, "column": 87 } },
      "16": { "start": { "line": 37, "column": 16 }, "end": { "line": 37, "column": 87 } },
      "17": { "start": { "line": 38, "column": 15 }, "end": { "line": 38, "column": 50 } },
      "18": { "start": { "line": 38, "column": 46 }, "end": { "line": 38, "column": 48 } },
      "19": { "start": { "line": 39, "column": 2 }, "end": { "line": 39, "column": 35 } },
      "20": { "start": { "line": 43, "column": 2 }, "end": { "line": 43, "column": 56 } },
      "21": { "start": { "line": 43, "column": 8 }, "end": { "line": 43, "column": 33 } },
      "22": { "start": { "line": 43, "column": 44 }, "end": { "line": 43, "column": 54 } }
    },
    "fnMap": {
      "0": {
        "name": "readSecret",
        "decl": { "start": { "line": 3, "column": 9 }, "end": { "line": 3, "column": 19 } },
        "loc": { "start": { "line": 3, "column": 26 }, "end": { "line": 5, "column": 1 } },
        "line": 3
      },
      "1": {
        "name": "getAuth",
        "decl": { "start": { "line": 7, "column": 9 }, "end": { "line": 7, "column": 16 } },
        "loc": { "start": { "line": 7, "column": 19 }, "end": { "line": 13, "column": 1 } },
        "line": 7
      },
      "2": {
        "name": "createOrUpdateNotionPage",
        "decl": { "start": { "line": 15, "column": 22 }, "end": { "line": 15, "column": 46 } },
        "loc": { "start": { "line": 15, "column": 89 }, "end": { "line": 40, "column": 1 } },
        "line": 15
      },
      "3": {
        "name": "(anonymous_3)",
        "decl": { "start": { "line": 38, "column": 39 }, "end": { "line": 38, "column": 40 } },
        "loc": { "start": { "line": 38, "column": 46 }, "end": { "line": 38, "column": 48 } },
        "line": 38
      },
      "4": {
        "name": "safeText",
        "decl": { "start": { "line": 42, "column": 15 }, "end": { "line": 42, "column": 23 } },
        "loc": { "start": { "line": 42, "column": 30 }, "end": { "line": 44, "column": 1 } },
        "line": 42
      }
    },
    "branchMap": {
      "0": {
        "loc": { "start": { "line": 8, "column": 14 }, "end": { "line": 8, "column": 48 } },
        "type": "binary-expr",
        "locations": [
          { "start": { "line": 8, "column": 14 }, "end": { "line": 8, "column": 42 } },
          { "start": { "line": 8, "column": 46 }, "end": { "line": 8, "column": 48 } }
        ],
        "line": 8
      },
      "1": {
        "loc": { "start": { "line": 9, "column": 2 }, "end": { "line": 9, "column": 105 } },
        "type": "if",
        "locations": [
          { "start": { "line": 9, "column": 2 }, "end": { "line": 9, "column": 105 } },
          { "start": {}, "end": {} }
        ],
        "line": 9
      },
      "2": {
        "loc": { "start": { "line": 9, "column": 6 }, "end": { "line": 9, "column": 49 } },
        "type": "binary-expr",
        "locations": [
          { "start": { "line": 9, "column": 6 }, "end": { "line": 9, "column": 12 } },
          { "start": { "line": 9, "column": 16 }, "end": { "line": 9, "column": 49 } }
        ],
        "line": 9
      },
      "3": {
        "loc": { "start": { "line": 10, "column": 21 }, "end": { "line": 10, "column": 57 } },
        "type": "binary-expr",
        "locations": [
          { "start": { "line": 10, "column": 21 }, "end": { "line": 10, "column": 51 } },
          { "start": { "line": 10, "column": 55 }, "end": { "line": 10, "column": 57 } }
        ],
        "line": 10
      },
      "4": {
        "loc": { "start": { "line": 11, "column": 2 }, "end": { "line": 11, "column": 41 } },
        "type": "if",
        "locations": [
          { "start": { "line": 11, "column": 2 }, "end": { "line": 11, "column": 41 } },
          { "start": {}, "end": {} }
        ],
        "line": 11
      },
      "5": {
        "loc": { "start": { "line": 11, "column": 6 }, "end": { "line": 11, "column": 27 } },
        "type": "binary-expr",
        "locations": [
          { "start": { "line": 11, "column": 6 }, "end": { "line": 11, "column": 12 } },
          { "start": { "line": 11, "column": 16 }, "end": { "line": 11, "column": 27 } }
        ],
        "line": 11
      },
      "6": {
        "loc": { "start": { "line": 15, "column": 56 }, "end": { "line": 15, "column": 71 } },
        "type": "default-arg",
        "locations": [
          { "start": { "line": 15, "column": 69 }, "end": { "line": 15, "column": 71 } }
        ],
        "line": 15
      },
      "7": {
        "loc": { "start": { "line": 15, "column": 73 }, "end": { "line": 15, "column": 85 } },
        "type": "default-arg",
        "locations": [
          { "start": { "line": 15, "column": 83 }, "end": { "line": 15, "column": 85 } }
        ],
        "line": 15
      },
      "8": {
        "loc": { "start": { "line": 17, "column": 2 }, "end": { "line": 17, "column": 79 } },
        "type": "if",
        "locations": [
          { "start": { "line": 17, "column": 2 }, "end": { "line": 17, "column": 79 } },
          { "start": {}, "end": {} }
        ],
        "line": 17
      },
      "9": {
        "loc": { "start": { "line": 21, "column": 42 }, "end": { "line": 21, "column": 78 } },
        "type": "binary-expr",
        "locations": [
          { "start": { "line": 21, "column": 42 }, "end": { "line": 21, "column": 62 } },
          { "start": { "line": 21, "column": 66 }, "end": { "line": 21, "column": 78 } }
        ],
        "line": 21
      },
      "10": {
        "loc": { "start": { "line": 24, "column": 14 }, "end": { "line": 26, "column": 10 } },
        "type": "cond-expr",
        "locations": [
          { "start": { "line": 24, "column": 24 }, "end": { "line": 26, "column": 5 } },
          { "start": { "line": 26, "column": 8 }, "end": { "line": 26, "column": 10 } }
        ],
        "line": 24
      },
      "11": {
        "loc": { "start": { "line": 37, "column": 2 }, "end": { "line": 37, "column": 87 } },
        "type": "if",
        "locations": [
          { "start": { "line": 37, "column": 2 }, "end": { "line": 37, "column": 87 } },
          { "start": {}, "end": {} }
        ],
        "line": 37
      }
    },
    "s": {
      "0": 0,
      "1": 0,
      "2": 0,
      "3": 0,
      "4": 0,
      "5": 0,
      "6": 0,
      "7": 0,
      "8": 0,
      "9": 0,
      "10": 0,
      "11": 0,
      "12": 0,
      "13": 0,
      "14": 0,
      "15": 0,
      "16": 0,
      "17": 0,
      "18": 0,
      "19": 0,
      "20": 0,
      "21": 0,
      "22": 0
    },
    "f": { "0": 0, "1": 0, "2": 0, "3": 0, "4": 0 },
    "b": {
      "0": [0, 0],
      "1": [0, 0],
      "2": [0, 0],
      "3": [0, 0],
      "4": [0, 0],
      "5": [0, 0],
      "6": [0],
      "7": [0],
      "8": [0, 0],
      "9": [0, 0],
      "10": [0, 0],
      "11": [0, 0]
    },
    "inputSourceMap": null
  }
}
