TN:
SF:agents/integrations-broker/src/handler.js
FN:4,handleEvent
FNF:1
FNH:0
FNDA:0,handleEvent
DA:5,0
DA:6,0
DA:7,0
DA:8,0
DA:9,0
DA:12,0
DA:13,0
DA:14,0
DA:19,0
DA:20,0
DA:22,0
DA:23,0
DA:28,0
DA:29,0
DA:30,0
DA:39,0
DA:40,0
DA:42,0
DA:43,0
DA:47,0
LF:20
LH:0
BRDA:5,0,0,0
BRDA:5,0,1,0
BRDA:8,1,0,0
BRDA:8,1,1,0
BRDA:12,2,0,0
BRDA:12,2,1,0
BRDA:12,3,0,0
BRDA:12,3,1,0
BRDA:15,4,0,0
BRDA:15,4,1,0
BRDA:16,5,0,0
BRDA:16,5,1,0
BRDA:16,6,0,0
BRDA:16,6,1,0
BRDA:17,7,0,0
BRDA:17,7,1,0
BRDA:20,8,0,0
BRDA:20,8,1,0
BRDA:23,9,0,0
BRDA:23,9,1,0
BRDA:28,10,0,0
BRDA:28,10,1,0
BRDA:28,11,0,0
BRDA:28,11,1,0
BRDA:34,12,0,0
BRDA:34,12,1,0
BRDA:35,13,0,0
BRDA:35,13,1,0
BRDA:37,14,0,0
BRDA:37,14,1,0
BRDA:40,15,0,0
BRDA:40,15,1,0
BRDA:43,16,0,0
BRDA:43,16,1,0
BRF:34
BRH:0
end_of_record
TN:
SF:agents/integrations-broker/src/index.js
FN:20,(anonymous_0)
FN:21,(anonymous_1)
FN:50,(anonymous_2)
FN:52,(anonymous_3)
FN:57,(anonymous_4)
FN:69,(anonymous_5)
FN:75,(anonymous_6)
FN:77,(anonymous_7)
FN:78,(anonymous_8)
FN:84,(anonymous_9)
FN:87,(anonymous_10)
FN:94,(anonymous_11)
FN:101,(anonymous_12)
FN:103,(anonymous_13)
FN:105,(anonymous_14)
FNF:15
FNH:0
FNDA:0,(anonymous_0)
FNDA:0,(anonymous_1)
FNDA:0,(anonymous_2)
FNDA:0,(anonymous_3)
FNDA:0,(anonymous_4)
FNDA:0,(anonymous_5)
FNDA:0,(anonymous_6)
FNDA:0,(anonymous_7)
FNDA:0,(anonymous_8)
FNDA:0,(anonymous_9)
FNDA:0,(anonymous_10)
FNDA:0,(anonymous_11)
FNDA:0,(anonymous_12)
FNDA:0,(anonymous_13)
FNDA:0,(anonymous_14)
DA:11,0
DA:12,0
DA:13,0
DA:14,0
DA:15,0
DA:18,0
DA:19,0
DA:20,0
DA:21,0
DA:24,0
DA:25,0
DA:28,0
DA:29,0
DA:30,0
DA:31,0
DA:32,0
DA:35,0
DA:36,0
DA:37,0
DA:43,0
DA:44,0
DA:45,0
DA:46,0
DA:47,0
DA:50,0
DA:51,0
DA:52,0
DA:53,0
DA:57,0
DA:58,0
DA:59,0
DA:60,0
DA:61,0
DA:63,0
DA:65,0
DA:69,0
DA:70,0
DA:71,0
DA:75,0
DA:77,0
DA:78,0
DA:79,0
DA:84,0
DA:88,0
DA:94,0
DA:101,0
DA:103,0
DA:104,0
DA:105,0
DA:106,0
DA:107,0
DA:108,0
DA:110,0
DA:111,0
LF:54
LH:0
BRDA:11,0,0,0
BRDA:11,0,1,0
BRDA:12,1,0,0
BRDA:12,1,1,0
BRDA:13,2,0,0
BRDA:13,2,1,0
BRDA:14,3,0,0
BRDA:14,3,1,0
BRDA:15,4,0,0
BRDA:15,4,1,0
BRDA:84,5,0,0
BRDA:84,5,1,0
BRDA:84,6,0,0
BRDA:84,6,1,0
BRDA:84,7,0,0
BRDA:84,7,1,0
BRDA:84,8,0,0
BRDA:84,8,1,0
BRDA:86,9,0,0
BRDA:86,9,1,0
BRF:20
BRH:0
end_of_record
TN:
SF:agents/market-analyst/src/index.js
FN:15,(anonymous_0)
FN:16,(anonymous_1)
FN:44,(anonymous_2)
FN:46,(anonymous_3)
FN:51,(anonymous_4)
FN:63,(anonymous_5)
FN:69,(anonymous_6)
FN:70,(anonymous_7)
FN:71,(anonymous_8)
FN:81,(anonymous_9)
FN:82,(anonymous_10)
FN:88,(anonymous_11)
FN:91,(anonymous_12)
FN:103,(anonymous_13)
FN:107,(anonymous_14)
FN:111,(anonymous_15)
FN:113,(anonymous_16)
FNF:17
FNH:0
FNDA:0,(anonymous_0)
FNDA:0,(anonymous_1)
FNDA:0,(anonymous_2)
FNDA:0,(anonymous_3)
FNDA:0,(anonymous_4)
FNDA:0,(anonymous_5)
FNDA:0,(anonymous_6)
FNDA:0,(anonymous_7)
FNDA:0,(anonymous_8)
FNDA:0,(anonymous_9)
FNDA:0,(anonymous_10)
FNDA:0,(anonymous_11)
FNDA:0,(anonymous_12)
FNDA:0,(anonymous_13)
FNDA:0,(anonymous_14)
FNDA:0,(anonymous_15)
FNDA:0,(anonymous_16)
DA:8,0
DA:9,0
DA:10,0
DA:13,0
DA:14,0
DA:15,0
DA:16,0
DA:19,0
DA:24,0
DA:25,0
DA:26,0
DA:27,0
DA:28,0
DA:31,0
DA:32,0
DA:33,0
DA:39,0
DA:40,0
DA:41,0
DA:44,0
DA:45,0
DA:46,0
DA:47,0
DA:51,0
DA:52,0
DA:53,0
DA:54,0
DA:55,0
DA:57,0
DA:59,0
DA:63,0
DA:64,0
DA:65,0
DA:69,0
DA:70,0
DA:71,0
DA:72,0
DA:73,0
DA:75,0
DA:76,0
DA:77,0
DA:81,0
DA:82,0
DA:83,0
DA:88,0
DA:92,0
DA:93,0
DA:94,0
DA:95,0
DA:96,0
DA:103,0
DA:104,0
DA:107,0
DA:108,0
DA:111,0
DA:112,0
DA:113,0
DA:114,0
DA:115,0
DA:116,0
DA:118,0
DA:119,0
LF:62
LH:0
BRDA:8,0,0,0
BRDA:8,0,1,0
BRDA:9,1,0,0
BRDA:9,1,1,0
BRDA:10,2,0,0
BRDA:10,2,1,0
BRDA:69,3,0,0
BRDA:69,3,1,0
BRDA:69,3,2,0
BRDA:72,4,0,0
BRDA:72,4,1,0
BRDA:72,4,2,0
BRDA:73,5,0,0
BRDA:73,5,1,0
BRDA:73,5,2,0
BRDA:92,6,0,0
BRDA:92,6,1,0
BRDA:92,7,0,0
BRDA:92,7,1,0
BRF:19
BRH:0
end_of_record
TN:
SF:agents/mcp-hub-controller/src/index.js
FN:27,(anonymous_0)
FN:32,(anonymous_1)
FN:34,(anonymous_2)
FN:39,(anonymous_3)
FN:51,(anonymous_4)
FN:59,(anonymous_5)
FN:60,(anonymous_6)
FN:64,(anonymous_7)
FN:68,(anonymous_8)
FN:72,(anonymous_9)
FN:74,(anonymous_10)
FNF:11
FNH:0
FNDA:0,(anonymous_0)
FNDA:0,(anonymous_1)
FNDA:0,(anonymous_2)
FNDA:0,(anonymous_3)
FNDA:0,(anonymous_4)
FNDA:0,(anonymous_5)
FNDA:0,(anonymous_6)
FNDA:0,(anonymous_7)
FNDA:0,(anonymous_8)
FNDA:0,(anonymous_9)
FNDA:0,(anonymous_10)
DA:6,0
DA:7,0
DA:8,0
DA:10,0
DA:11,0
DA:12,0
DA:15,0
DA:16,0
DA:17,0
DA:23,0
DA:26,0
DA:27,0
DA:28,0
DA:32,0
DA:33,0
DA:34,0
DA:35,0
DA:39,0
DA:40,0
DA:41,0
DA:42,0
DA:43,0
DA:45,0
DA:47,0
DA:51,0
DA:52,0
DA:53,0
DA:59,0
DA:60,0
DA:64,0
DA:65,0
DA:68,0
DA:69,0
DA:72,0
DA:73,0
DA:74,0
DA:75,0
DA:76,0
DA:78,0
DA:79,0
LF:40
LH:0
BRDA:6,0,0,0
BRDA:6,0,1,0
BRDA:7,1,0,0
BRDA:7,1,1,0
BRDA:8,2,0,0
BRDA:8,2,1,0
BRDA:60,3,0,0
BRDA:60,3,1,0
BRF:8
BRH:0
end_of_record
TN:
SF:agents/notification-manager/src/index.js
FN:20,(anonymous_0)
FN:21,(anonymous_1)
FN:52,(anonymous_2)
FN:54,(anonymous_3)
FN:59,(anonymous_4)
FN:71,(anonymous_5)
FN:77,(anonymous_6)
FN:78,(anonymous_7)
FN:79,(anonymous_8)
FN:82,(anonymous_9)
FN:87,(anonymous_10)
FN:89,(anonymous_11)
FN:92,(anonymous_12)
FN:105,ackKey
FN:106,(anonymous_14)
FN:121,(anonymous_15)
FN:127,(anonymous_16)
FN:128,(anonymous_17)
FN:140,(anonymous_18)
FN:143,(anonymous_19)
FN:149,(anonymous_20)
FN:152,(anonymous_21)
FN:196,(anonymous_22)
FN:200,(anonymous_23)
FN:204,(anonymous_24)
FN:206,(anonymous_25)
FNF:26
FNH:0
FNDA:0,(anonymous_0)
FNDA:0,(anonymous_1)
FNDA:0,(anonymous_2)
FNDA:0,(anonymous_3)
FNDA:0,(anonymous_4)
FNDA:0,(anonymous_5)
FNDA:0,(anonymous_6)
FNDA:0,(anonymous_7)
FNDA:0,(anonymous_8)
FNDA:0,(anonymous_9)
FNDA:0,(anonymous_10)
FNDA:0,(anonymous_11)
FNDA:0,(anonymous_12)
FNDA:0,ackKey
FNDA:0,(anonymous_14)
FNDA:0,(anonymous_15)
FNDA:0,(anonymous_16)
FNDA:0,(anonymous_17)
FNDA:0,(anonymous_18)
FNDA:0,(anonymous_19)
FNDA:0,(anonymous_20)
FNDA:0,(anonymous_21)
FNDA:0,(anonymous_22)
FNDA:0,(anonymous_23)
FNDA:0,(anonymous_24)
FNDA:0,(anonymous_25)
DA:9,0
DA:10,0
DA:13,0
DA:14,0
DA:15,0
DA:18,0
DA:19,0
DA:20,0
DA:21,0
DA:24,0
DA:29,0
DA:30,0
DA:32,0
DA:33,0
DA:34,0
DA:35,0
DA:36,0
DA:39,0
DA:40,0
DA:41,0
DA:47,0
DA:48,0
DA:49,0
DA:52,0
DA:53,0
DA:54,0
DA:55,0
DA:59,0
DA:60,0
DA:61,0
DA:62,0
DA:63,0
DA:65,0
DA:67,0
DA:71,0
DA:72,0
DA:73,0
DA:77,0
DA:78,0
DA:79,0
DA:80,0
DA:82,0
DA:83,0
DA:84,0
DA:85,0
DA:86,0
DA:87,0
DA:88,0
DA:89,0
DA:91,0
DA:92,0
DA:93,0
DA:94,0
DA:95,0
DA:97,0
DA:99,0
DA:104,0
DA:105,0
DA:106,0
DA:107,0
DA:108,0
DA:109,0
DA:110,0
DA:111,0
DA:112,0
DA:113,0
DA:114,0
DA:116,0
DA:121,0
DA:122,0
DA:123,0
DA:124,0
DA:125,0
DA:126,0
DA:127,0
DA:128,0
DA:129,0
DA:130,0
DA:132,0
DA:134,0
DA:139,0
DA:140,0
DA:141,0
DA:142,0
DA:143,0
DA:144,0
DA:149,0
DA:153,0
DA:154,0
DA:155,0
DA:158,0
DA:159,0
DA:160,0
DA:161,0
DA:162,0
DA:163,0
DA:169,0
DA:170,0
DA:172,0
DA:176,0
DA:177,0
DA:178,0
DA:180,0
DA:182,0
DA:187,0
DA:188,0
DA:189,0
DA:196,0
DA:197,0
DA:200,0
DA:201,0
DA:204,0
DA:205,0
DA:206,0
DA:207,0
DA:208,0
DA:209,0
DA:211,0
DA:212,0
LF:119
LH:0
BRDA:9,0,0,0
BRDA:9,0,1,0
BRDA:9,1,0,0
BRDA:9,1,1,0
BRDA:13,2,0,0
BRDA:13,2,1,0
BRDA:14,3,0,0
BRDA:14,3,1,0
BRDA:15,4,0,0
BRDA:15,4,1,0
BRDA:82,5,0,0
BRDA:82,5,1,0
BRDA:85,6,0,0
BRDA:85,6,1,0
BRDA:89,7,0,0
BRDA:89,7,1,0
BRDA:93,8,0,0
BRDA:93,8,1,0
BRDA:94,9,0,0
BRDA:94,9,1,0
BRDA:99,10,0,0
BRDA:99,10,1,0
BRDA:104,11,0,0
BRDA:104,11,1,0
BRDA:107,12,0,0
BRDA:107,12,1,0
BRDA:108,13,0,0
BRDA:108,13,1,0
BRDA:108,14,0,0
BRDA:108,14,1,0
BRDA:109,15,0,0
BRDA:109,15,1,0
BRDA:110,16,0,0
BRDA:110,16,1,0
BRDA:111,17,0,0
BRDA:111,17,1,0
BRDA:116,18,0,0
BRDA:116,18,1,0
BRDA:122,19,0,0
BRDA:122,19,1,0
BRDA:123,20,0,0
BRDA:123,20,1,0
BRDA:123,21,0,0
BRDA:123,21,1,0
BRDA:128,22,0,0
BRDA:128,22,1,0
BRDA:129,23,0,0
BRDA:129,23,1,0
BRDA:130,24,0,0
BRDA:130,24,1,0
BRDA:134,25,0,0
BRDA:134,25,1,0
BRDA:139,26,0,0
BRDA:139,26,1,0
BRDA:149,27,0,0
BRDA:149,27,1,0
BRDA:149,28,0,0
BRDA:149,28,1,0
BRDA:149,29,0,0
BRDA:149,29,1,0
BRDA:149,30,0,0
BRDA:149,30,1,0
BRDA:151,31,0,0
BRDA:151,31,1,0
BRDA:154,32,0,0
BRDA:154,32,1,0
BRDA:158,33,0,0
BRDA:158,33,1,0
BRDA:159,34,0,0
BRDA:159,34,1,0
BRDA:159,35,0,0
BRDA:159,35,1,0
BRDA:160,36,0,0
BRDA:160,36,1,0
BRDA:160,36,2,0
BRDA:161,37,0,0
BRDA:161,37,1,0
BRDA:162,38,0,0
BRDA:162,38,1,0
BRDA:164,39,0,0
BRDA:164,39,1,0
BRDA:166,40,0,0
BRDA:166,40,1,0
BRDA:167,41,0,0
BRDA:167,41,1,0
BRDA:169,42,0,0
BRDA:169,42,1,0
BRDA:169,43,0,0
BRDA:169,43,1,0
BRDA:176,44,0,0
BRDA:176,44,1,0
BRDA:176,45,0,0
BRDA:176,45,1,0
BRDA:177,46,0,0
BRDA:177,46,1,0
BRDA:177,47,0,0
BRDA:177,47,1,0
BRDA:178,48,0,0
BRDA:178,48,1,0
BRDA:182,49,0,0
BRDA:182,49,1,0
BRDA:182,49,2,0
BRDA:182,49,3,0
BRDA:182,49,4,0
BRDA:182,49,5,0
BRDA:182,49,6,0
BRDA:187,50,0,0
BRDA:187,50,1,0
BRDA:189,51,0,0
BRDA:189,51,1,0
BRF:110
BRH:0
end_of_record
TN:
SF:agents/orchestrator/src/index.js
FN:33,(anonymous_0)
FN:39,(anonymous_1)
FN:40,(anonymous_2)
FN:44,(anonymous_3)
FN:45,(anonymous_4)
FN:84,(anonymous_5)
FN:86,(anonymous_6)
FN:91,(anonymous_7)
FN:112,(anonymous_8)
FN:118,(anonymous_9)
FN:124,(anonymous_10)
FN:134,(anonymous_11)
FN:147,(anonymous_12)
FN:154,(anonymous_13)
FN:155,(anonymous_14)
FN:165,(anonymous_15)
FN:174,(anonymous_16)
FN:190,(anonymous_17)
FN:200,(anonymous_18)
FN:209,(anonymous_19)
FN:251,(anonymous_20)
FN:268,(anonymous_21)
FN:275,(anonymous_22)
FN:282,(anonymous_23)
FN:283,(anonymous_24)
FN:284,(anonymous_25)
FN:285,(anonymous_26)
FN:285,(anonymous_27)
FN:295,(anonymous_28)
FN:295,(anonymous_29)
FN:313,(anonymous_30)
FN:313,(anonymous_31)
FN:348,(anonymous_32)
FN:352,(anonymous_33)
FN:356,(anonymous_34)
FN:358,(anonymous_35)
FNF:36
FNH:0
FNDA:0,(anonymous_0)
FNDA:0,(anonymous_1)
FNDA:0,(anonymous_2)
FNDA:0,(anonymous_3)
FNDA:0,(anonymous_4)
FNDA:0,(anonymous_5)
FNDA:0,(anonymous_6)
FNDA:0,(anonymous_7)
FNDA:0,(anonymous_8)
FNDA:0,(anonymous_9)
FNDA:0,(anonymous_10)
FNDA:0,(anonymous_11)
FNDA:0,(anonymous_12)
FNDA:0,(anonymous_13)
FNDA:0,(anonymous_14)
FNDA:0,(anonymous_15)
FNDA:0,(anonymous_16)
FNDA:0,(anonymous_17)
FNDA:0,(anonymous_18)
FNDA:0,(anonymous_19)
FNDA:0,(anonymous_20)
FNDA:0,(anonymous_21)
FNDA:0,(anonymous_22)
FNDA:0,(anonymous_23)
FNDA:0,(anonymous_24)
FNDA:0,(anonymous_25)
FNDA:0,(anonymous_26)
FNDA:0,(anonymous_27)
FNDA:0,(anonymous_28)
FNDA:0,(anonymous_29)
FNDA:0,(anonymous_30)
FNDA:0,(anonymous_31)
FNDA:0,(anonymous_32)
FNDA:0,(anonymous_33)
FNDA:0,(anonymous_34)
FNDA:0,(anonymous_35)
DA:14,0
DA:15,0
DA:18,0
DA:19,0
DA:20,0
DA:21,0
DA:22,0
DA:23,0
DA:24,0
DA:25,0
DA:28,0
DA:29,0
DA:30,0
DA:31,0
DA:33,0
DA:36,0
DA:37,0
DA:38,0
DA:39,0
DA:40,0
DA:43,0
DA:44,0
DA:45,0
DA:49,0
DA:60,0
DA:62,0
DA:63,0
DA:64,0
DA:65,0
DA:66,0
DA:67,0
DA:70,0
DA:71,0
DA:72,0
DA:78,0
DA:79,0
DA:80,0
DA:84,0
DA:85,0
DA:86,0
DA:87,0
DA:91,0
DA:92,0
DA:93,0
DA:94,0
DA:95,0
DA:96,0
DA:97,0
DA:99,0
DA:101,0
DA:102,0
DA:103,0
DA:105,0
DA:107,0
DA:108,0
DA:112,0
DA:113,0
DA:114,0
DA:118,0
DA:119,0
DA:120,0
DA:121,0
DA:124,0
DA:125,0
DA:126,0
DA:127,0
DA:129,0
DA:130,0
DA:134,0
DA:135,0
DA:136,0
DA:137,0
DA:138,0
DA:139,0
DA:140,0
DA:141,0
DA:143,0
DA:147,0
DA:148,0
DA:149,0
DA:150,0
DA:151,0
DA:152,0
DA:153,0
DA:154,0
DA:155,0
DA:156,0
DA:157,0
DA:159,0
DA:161,0
DA:165,0
DA:166,0
DA:167,0
DA:168,0
DA:169,0
DA:170,0
DA:171,0
DA:172,0
DA:173,0
DA:174,0
DA:175,0
DA:176,0
DA:177,0
DA:178,0
DA:179,0
DA:180,0
DA:181,0
DA:182,0
DA:184,0
DA:190,0
DA:191,0
DA:192,0
DA:193,0
DA:194,0
DA:195,0
DA:196,0
DA:197,0
DA:200,0
DA:201,0
DA:202,0
DA:203,0
DA:204,0
DA:205,0
DA:209,0
DA:210,0
DA:211,0
DA:212,0
DA:213,0
DA:215,0
DA:216,0
DA:217,0
DA:218,0
DA:221,0
DA:222,0
DA:224,0
DA:225,0
DA:226,0
DA:227,0
DA:229,0
DA:232,0
DA:233,0
DA:235,0
DA:237,0
DA:238,0
DA:239,0
DA:241,0
DA:242,0
DA:243,0
DA:244,0
DA:245,0
DA:246,0
DA:249,0
DA:252,0
DA:253,0
DA:256,0
DA:257,0
DA:258,0
DA:262,0
DA:263,0
DA:264,0
DA:268,0
DA:269,0
DA:270,0
DA:271,0
DA:275,0
DA:276,0
DA:282,0
DA:283,0
DA:284,0
DA:285,0
DA:287,0
DA:288,0
DA:289,0
DA:290,0
DA:291,0
DA:292,0
DA:295,0
DA:296,0
DA:297,0
DA:298,0
DA:299,0
DA:300,0
DA:301,0
DA:302,0
DA:303,0
DA:305,0
DA:310,0
DA:313,0
DA:314,0
DA:315,0
DA:316,0
DA:317,0
DA:318,0
DA:319,0
DA:320,0
DA:321,0
DA:322,0
DA:323,0
DA:324,0
DA:327,0
DA:328,0
DA:329,0
DA:330,0
DA:331,0
DA:332,0
DA:333,0
DA:334,0
DA:335,0
DA:336,0
DA:337,0
DA:338,0
DA:341,0
DA:343,0
DA:348,0
DA:349,0
DA:352,0
DA:353,0
DA:356,0
DA:357,0
DA:358,0
DA:359,0
DA:360,0
DA:361,0
DA:362,0
DA:363,0
DA:365,0
DA:366,0
LF:227
LH:0
BRDA:14,0,0,0
BRDA:14,0,1,0
BRDA:14,1,0,0
BRDA:14,1,1,0
BRDA:18,2,0,0
BRDA:18,2,1,0
BRDA:19,3,0,0
BRDA:19,3,1,0
BRDA:20,4,0,0
BRDA:20,4,1,0
BRDA:21,5,0,0
BRDA:21,5,1,0
BRDA:22,6,0,0
BRDA:22,6,1,0
BRDA:23,7,0,0
BRDA:23,7,1,0
BRDA:24,8,0,0
BRDA:24,8,1,0
BRDA:25,9,0,0
BRDA:25,9,1,0
BRDA:28,10,0,0
BRDA:28,10,1,0
BRDA:29,11,0,0
BRDA:29,11,1,0
BRDA:30,12,0,0
BRDA:30,12,1,0
BRDA:31,13,0,0
BRDA:31,13,1,0
BRDA:125,14,0,0
BRDA:125,14,1,0
BRDA:126,15,0,0
BRDA:126,15,1,0
BRDA:126,16,0,0
BRDA:126,16,1,0
BRDA:135,17,0,0
BRDA:135,17,1,0
BRDA:136,18,0,0
BRDA:136,18,1,0
BRDA:136,19,0,0
BRDA:136,19,1,0
BRDA:138,20,0,0
BRDA:138,20,1,0
BRDA:138,21,0,0
BRDA:138,21,1,0
BRDA:143,22,0,0
BRDA:143,22,1,0
BRDA:148,23,0,0
BRDA:148,23,1,0
BRDA:149,24,0,0
BRDA:149,24,1,0
BRDA:149,25,0,0
BRDA:149,25,1,0
BRDA:150,26,0,0
BRDA:150,27,0,0
BRDA:150,28,0,0
BRDA:151,29,0,0
BRDA:151,29,1,0
BRDA:155,30,0,0
BRDA:155,30,1,0
BRDA:156,31,0,0
BRDA:156,31,1,0
BRDA:157,32,0,0
BRDA:157,32,1,0
BRDA:161,33,0,0
BRDA:161,33,1,0
BRDA:166,34,0,0
BRDA:166,34,1,0
BRDA:167,35,0,0
BRDA:167,35,1,0
BRDA:167,36,0,0
BRDA:167,36,1,0
BRDA:168,37,0,0
BRDA:168,37,1,0
BRDA:169,38,0,0
BRDA:169,38,1,0
BRDA:169,39,0,0
BRDA:169,39,1,0
BRDA:172,40,0,0
BRDA:172,40,1,0
BRDA:172,41,0,0
BRDA:172,41,1,0
BRDA:174,42,0,0
BRDA:174,42,1,0
BRDA:175,43,0,0
BRDA:175,43,1,0
BRDA:176,44,0,0
BRDA:176,44,1,0
BRDA:178,45,0,0
BRDA:178,45,1,0
BRDA:179,46,0,0
BRDA:179,46,1,0
BRDA:179,47,0,0
BRDA:179,47,1,0
BRDA:184,48,0,0
BRDA:184,48,1,0
BRDA:191,49,0,0
BRDA:191,49,1,0
BRDA:192,50,0,0
BRDA:192,50,1,0
BRDA:192,51,0,0
BRDA:192,51,1,0
BRDA:194,52,0,0
BRDA:194,52,1,0
BRDA:194,52,2,0
BRDA:201,53,0,0
BRDA:201,53,1,0
BRDA:202,54,0,0
BRDA:202,54,1,0
BRDA:202,55,0,0
BRDA:202,55,1,0
BRDA:211,56,0,0
BRDA:211,56,1,0
BRDA:215,57,0,0
BRDA:215,57,1,0
BRDA:215,57,2,0
BRDA:216,58,0,0
BRDA:216,58,1,0
BRDA:216,58,2,0
BRDA:217,59,0,0
BRDA:217,59,1,0
BRDA:218,60,0,0
BRDA:218,60,1,0
BRDA:222,61,0,0
BRDA:222,61,1,0
BRDA:222,62,0,0
BRDA:222,62,1,0
BRDA:226,63,0,0
BRDA:226,63,1,0
BRDA:227,64,0,0
BRDA:227,64,1,0
BRDA:230,65,0,0
BRDA:230,65,1,0
BRDA:230,66,0,0
BRDA:230,66,1,0
BRDA:232,67,0,0
BRDA:232,67,1,0
BRDA:233,68,0,0
BRDA:233,68,1,0
BRDA:235,69,0,0
BRDA:235,69,1,0
BRDA:237,70,0,0
BRDA:237,70,1,0
BRDA:241,71,0,0
BRDA:241,71,1,0
BRDA:244,72,0,0
BRDA:244,72,1,0
BRDA:245,73,0,0
BRDA:245,73,1,0
BRDA:253,74,0,0
BRDA:253,74,1,0
BRDA:256,75,0,0
BRDA:256,75,1,0
BRDA:257,76,0,0
BRDA:257,76,1,0
BRDA:258,77,0,0
BRDA:258,77,1,0
BRDA:288,78,0,0
BRDA:288,78,1,0
BRDA:288,78,2,0
BRDA:292,79,0,0
BRDA:292,79,1,0
BRDA:299,80,0,0
BRDA:299,80,1,0
BRDA:301,81,0,0
BRDA:301,81,1,0
BRDA:302,82,0,0
BRDA:302,82,1,0
BRDA:310,83,0,0
BRDA:310,83,1,0
BRDA:315,84,0,0
BRDA:315,84,1,0
BRDA:316,85,0,0
BRDA:316,85,1,0
BRDA:320,86,0,0
BRDA:320,86,1,0
BRDA:320,87,0,0
BRDA:320,87,1,0
BRDA:328,88,0,0
BRDA:328,88,1,0
BRDA:329,89,0,0
BRDA:329,89,1,0
BRDA:330,90,0,0
BRDA:330,90,1,0
BRDA:331,91,0,0
BRDA:331,91,1,0
BRDA:331,92,0,0
BRDA:331,92,1,0
BRDA:334,93,0,0
BRDA:334,93,1,0
BRDA:337,94,0,0
BRDA:337,94,1,0
BRDA:341,95,0,0
BRDA:341,95,1,0
BRDA:343,96,0,0
BRDA:343,96,1,0
BRF:195
BRH:0
end_of_record
TN:
SF:agents/parameter-optimizer/src/index.js
FN:39,(anonymous_0)
FN:44,(anonymous_1)
FN:46,(anonymous_2)
FN:51,(anonymous_3)
FN:63,(anonymous_4)
FN:79,(anonymous_5)
FN:85,(anonymous_6)
FN:88,(anonymous_7)
FN:104,(anonymous_8)
FN:105,(anonymous_9)
FN:114,(anonymous_10)
FN:122,(anonymous_11)
FN:131,(anonymous_12)
FN:145,(anonymous_13)
FN:149,(anonymous_14)
FN:153,(anonymous_15)
FN:155,(anonymous_16)
FNF:17
FNH:0
FNDA:0,(anonymous_0)
FNDA:0,(anonymous_1)
FNDA:0,(anonymous_2)
FNDA:0,(anonymous_3)
FNDA:0,(anonymous_4)
FNDA:0,(anonymous_5)
FNDA:0,(anonymous_6)
FNDA:0,(anonymous_7)
FNDA:0,(anonymous_8)
FNDA:0,(anonymous_9)
FNDA:0,(anonymous_10)
FNDA:0,(anonymous_11)
FNDA:0,(anonymous_12)
FNDA:0,(anonymous_13)
FNDA:0,(anonymous_14)
FNDA:0,(anonymous_15)
FNDA:0,(anonymous_16)
DA:10,0
DA:11,0
DA:14,0
DA:15,0
DA:16,0
DA:18,0
DA:19,0
DA:20,0
DA:21,0
DA:24,0
DA:25,0
DA:26,0
DA:32,0
DA:34,0
DA:35,0
DA:38,0
DA:39,0
DA:40,0
DA:44,0
DA:45,0
DA:46,0
DA:47,0
DA:51,0
DA:52,0
DA:53,0
DA:54,0
DA:55,0
DA:57,0
DA:59,0
DA:63,0
DA:64,0
DA:65,0
DA:69,0
DA:70,0
DA:71,0
DA:72,0
DA:73,0
DA:75,0
DA:76,0
DA:77,0
DA:79,0
DA:80,0
DA:85,0
DA:89,0
DA:91,0
DA:92,0
DA:93,0
DA:94,0
DA:95,0
DA:97,0
DA:104,0
DA:105,0
DA:106,0
DA:107,0
DA:108,0
DA:109,0
DA:112,0
DA:113,0
DA:114,0
DA:115,0
DA:117,0
DA:122,0
DA:123,0
DA:124,0
DA:125,0
DA:126,0
DA:127,0
DA:128,0
DA:130,0
DA:131,0
DA:132,0
DA:133,0
DA:134,0
DA:135,0
DA:136,0
DA:137,0
DA:139,0
DA:145,0
DA:146,0
DA:149,0
DA:150,0
DA:153,0
DA:154,0
DA:155,0
DA:156,0
DA:157,0
DA:159,0
DA:160,0
LF:88
LH:0
BRDA:10,0,0,0
BRDA:10,0,1,0
BRDA:10,1,0,0
BRDA:10,1,1,0
BRDA:14,2,0,0
BRDA:14,2,1,0
BRDA:15,3,0,0
BRDA:15,3,1,0
BRDA:16,4,0,0
BRDA:16,4,1,0
BRDA:85,5,0,0
BRDA:85,5,1,0
BRDA:85,6,0,0
BRDA:85,6,1,0
BRDA:85,7,0,0
BRDA:85,7,1,0
BRDA:108,8,0,0
BRDA:108,8,1,0
BRDA:109,9,0,0
BRDA:109,9,1,0
BRDA:114,10,0,0
BRDA:114,10,1,0
BRDA:117,11,0,0
BRDA:117,11,1,0
BRDA:123,12,0,0
BRDA:123,12,1,0
BRDA:124,13,0,0
BRDA:124,13,1,0
BRDA:124,14,0,0
BRDA:124,14,1,0
BRDA:125,15,0,0
BRDA:125,15,1,0
BRDA:126,16,0,0
BRDA:126,16,1,0
BRDA:128,17,0,0
BRDA:128,17,1,0
BRDA:134,18,0,0
BRDA:134,18,1,0
BRDA:135,19,0,0
BRDA:135,19,1,0
BRDA:139,20,0,0
BRDA:139,20,1,0
BRF:42
BRH:0
end_of_record
TN:
SF:agents/portfolio-manager/src/index.js
FN:27,(anonymous_0)
FN:32,(anonymous_1)
FN:34,(anonymous_2)
FN:39,(anonymous_3)
FN:51,(anonymous_4)
FN:59,(anonymous_5)
FN:60,(anonymous_6)
FN:64,(anonymous_7)
FN:68,(anonymous_8)
FN:72,(anonymous_9)
FN:74,(anonymous_10)
FNF:11
FNH:0
FNDA:0,(anonymous_0)
FNDA:0,(anonymous_1)
FNDA:0,(anonymous_2)
FNDA:0,(anonymous_3)
FNDA:0,(anonymous_4)
FNDA:0,(anonymous_5)
FNDA:0,(anonymous_6)
FNDA:0,(anonymous_7)
FNDA:0,(anonymous_8)
FNDA:0,(anonymous_9)
FNDA:0,(anonymous_10)
DA:6,0
DA:7,0
DA:8,0
DA:10,0
DA:11,0
DA:12,0
DA:15,0
DA:16,0
DA:17,0
DA:23,0
DA:26,0
DA:27,0
DA:28,0
DA:32,0
DA:33,0
DA:34,0
DA:35,0
DA:39,0
DA:40,0
DA:41,0
DA:42,0
DA:43,0
DA:45,0
DA:47,0
DA:51,0
DA:52,0
DA:53,0
DA:59,0
DA:60,0
DA:64,0
DA:65,0
DA:68,0
DA:69,0
DA:72,0
DA:73,0
DA:74,0
DA:75,0
DA:76,0
DA:78,0
DA:79,0
LF:40
LH:0
BRDA:6,0,0,0
BRDA:6,0,1,0
BRDA:7,1,0,0
BRDA:7,1,1,0
BRDA:8,2,0,0
BRDA:8,2,1,0
BRF:6
BRH:0
end_of_record
TN:
SF:agents/risk-manager/src/index.js
FN:15,(anonymous_0)
FN:16,(anonymous_1)
FN:55,loadParams
FN:57,(anonymous_3)
FN:58,(anonymous_4)
FN:59,(anonymous_5)
FN:60,(anonymous_6)
FN:61,(anonymous_7)
FN:69,inWindowUTC
FN:79,(anonymous_9)
FN:81,(anonymous_10)
FN:86,(anonymous_11)
FN:98,(anonymous_12)
FN:104,(anonymous_13)
FN:136,(anonymous_14)
FN:139,(anonymous_15)
FN:140,(anonymous_16)
FN:146,(anonymous_17)
FN:149,(anonymous_18)
FN:186,(anonymous_19)
FN:190,(anonymous_20)
FN:194,(anonymous_21)
FN:196,(anonymous_22)
FNF:23
FNH:0
FNDA:0,(anonymous_0)
FNDA:0,(anonymous_1)
FNDA:0,loadParams
FNDA:0,(anonymous_3)
FNDA:0,(anonymous_4)
FNDA:0,(anonymous_5)
FNDA:0,(anonymous_6)
FNDA:0,(anonymous_7)
FNDA:0,inWindowUTC
FNDA:0,(anonymous_9)
FNDA:0,(anonymous_10)
FNDA:0,(anonymous_11)
FNDA:0,(anonymous_12)
FNDA:0,(anonymous_13)
FNDA:0,(anonymous_14)
FNDA:0,(anonymous_15)
FNDA:0,(anonymous_16)
FNDA:0,(anonymous_17)
FNDA:0,(anonymous_18)
FNDA:0,(anonymous_19)
FNDA:0,(anonymous_20)
FNDA:0,(anonymous_21)
FNDA:0,(anonymous_22)
DA:8,0
DA:9,0
DA:10,0
DA:13,0
DA:14,0
DA:15,0
DA:16,0
DA:19,0
DA:25,0
DA:26,0
DA:27,0
DA:28,0
DA:29,0
DA:32,0
DA:33,0
DA:34,0
DA:40,0
DA:41,0
DA:42,0
DA:44,0
DA:45,0
DA:46,0
DA:47,0
DA:48,0
DA:49,0
DA:50,0
DA:51,0
DA:52,0
DA:53,0
DA:56,0
DA:57,0
DA:58,0
DA:59,0
DA:60,0
DA:61,0
DA:62,0
DA:63,0
DA:64,0
DA:65,0
DA:66,0
DA:70,0
DA:71,0
DA:72,0
DA:74,0
DA:79,0
DA:80,0
DA:81,0
DA:82,0
DA:86,0
DA:87,0
DA:88,0
DA:89,0
DA:90,0
DA:92,0
DA:94,0
DA:98,0
DA:99,0
DA:100,0
DA:104,0
DA:105,0
DA:106,0
DA:107,0
DA:108,0
DA:109,0
DA:110,0
DA:111,0
DA:112,0
DA:114,0
DA:115,0
DA:116,0
DA:117,0
DA:118,0
DA:119,0
DA:121,0
DA:122,0
DA:123,0
DA:124,0
DA:126,0
DA:128,0
DA:132,0
DA:133,0
DA:134,0
DA:136,0
DA:139,0
DA:140,0
DA:141,0
DA:146,0
DA:150,0
DA:151,0
DA:152,0
DA:153,0
DA:154,0
DA:155,0
DA:156,0
DA:158,0
DA:159,0
DA:160,0
DA:161,0
DA:162,0
DA:164,0
DA:165,0
DA:166,0
DA:167,0
DA:169,0
DA:171,0
DA:175,0
DA:176,0
DA:177,0
DA:178,0
DA:179,0
DA:186,0
DA:187,0
DA:190,0
DA:191,0
DA:194,0
DA:195,0
DA:196,0
DA:197,0
DA:198,0
DA:199,0
DA:201,0
DA:202,0
LF:122
LH:0
BRDA:8,0,0,0
BRDA:8,0,1,0
BRDA:9,1,0,0
BRDA:9,1,1,0
BRDA:10,2,0,0
BRDA:10,2,1,0
BRDA:57,3,0,0
BRDA:57,3,1,0
BRDA:57,4,0,0
BRDA:57,4,1,0
BRDA:58,5,0,0
BRDA:58,5,1,0
BRDA:58,6,0,0
BRDA:58,6,1,0
BRDA:59,7,0,0
BRDA:59,7,1,0
BRDA:59,8,0,0
BRDA:59,8,1,0
BRDA:60,9,0,0
BRDA:60,9,1,0
BRDA:60,10,0,0
BRDA:60,10,1,0
BRDA:61,11,0,0
BRDA:61,11,1,0
BRDA:62,12,0,0
BRDA:62,12,1,0
BRDA:63,13,0,0
BRDA:63,13,1,0
BRDA:64,14,0,0
BRDA:64,14,1,0
BRDA:65,15,0,0
BRDA:65,15,1,0
BRDA:69,16,0,0
BRDA:70,17,0,0
BRDA:70,17,1,0
BRDA:70,18,0,0
BRDA:70,18,1,0
BRDA:72,19,0,0
BRDA:72,19,1,0
BRDA:72,20,0,0
BRDA:72,20,1,0
BRDA:74,21,0,0
BRDA:74,21,1,0
BRDA:106,22,0,0
BRDA:106,23,0,0
BRDA:106,24,0,0
BRDA:106,24,1,0
BRDA:107,25,0,0
BRDA:107,25,1,0
BRDA:108,26,0,0
BRDA:108,26,1,0
BRDA:109,27,0,0
BRDA:109,27,1,0
BRDA:110,28,0,0
BRDA:110,28,1,0
BRDA:111,29,0,0
BRDA:111,29,1,0
BRDA:112,30,0,0
BRDA:112,30,1,0
BRDA:116,31,0,0
BRDA:116,31,1,0
BRDA:118,32,0,0
BRDA:118,32,1,0
BRDA:121,33,0,0
BRDA:121,33,1,0
BRDA:122,34,0,0
BRDA:122,34,1,0
BRDA:123,35,0,0
BRDA:123,35,1,0
BRDA:123,36,0,0
BRDA:123,36,1,0
BRDA:123,36,2,0
BRDA:133,37,0,0
BRDA:133,37,1,0
BRDA:134,38,0,0
BRDA:134,38,1,0
BRDA:151,39,0,0
BRDA:151,39,1,0
BRDA:152,40,0,0
BRDA:152,40,1,0
BRDA:153,41,0,0
BRDA:153,41,1,0
BRDA:154,42,0,0
BRDA:154,42,1,0
BRDA:155,43,0,0
BRDA:155,43,1,0
BRDA:156,44,0,0
BRDA:156,44,1,0
BRDA:159,45,0,0
BRDA:159,45,1,0
BRDA:161,46,0,0
BRDA:161,46,1,0
BRDA:161,47,0,0
BRDA:161,47,1,0
BRDA:164,48,0,0
BRDA:164,48,1,0
BRDA:165,49,0,0
BRDA:165,49,1,0
BRDA:165,50,0,0
BRDA:165,50,1,0
BRDA:166,51,0,0
BRDA:166,51,1,0
BRDA:166,52,0,0
BRDA:166,52,1,0
BRDA:166,52,2,0
BRDA:166,53,0,0
BRDA:166,53,1,0
BRDA:175,54,0,0
BRDA:175,54,1,0
BRDA:176,55,0,0
BRDA:176,55,1,0
BRDA:178,56,0,0
BRDA:178,56,1,0
BRF:113
BRH:0
end_of_record
TN:
SF:agents/trade-executor/src/index.js
FN:21,(anonymous_0)
FN:22,(anonymous_1)
FN:32,(anonymous_2)
FN:34,getOrderState
FN:45,setOrderState
FN:48,(anonymous_5)
FN:72,(anonymous_6)
FN:74,(anonymous_7)
FN:79,(anonymous_8)
FN:91,(anonymous_9)
FN:97,(anonymous_10)
FN:102,(anonymous_11)
FN:105,(anonymous_12)
FN:109,(anonymous_13)
FN:143,(anonymous_14)
FN:149,(anonymous_15)
FN:152,(anonymous_16)
FN:161,(anonymous_17)
FN:178,(anonymous_18)
FN:182,(anonymous_19)
FN:186,(anonymous_20)
FN:188,(anonymous_21)
FNF:22
FNH:0
FNDA:0,(anonymous_0)
FNDA:0,(anonymous_1)
FNDA:0,(anonymous_2)
FNDA:0,getOrderState
FNDA:0,setOrderState
FNDA:0,(anonymous_5)
FNDA:0,(anonymous_6)
FNDA:0,(anonymous_7)
FNDA:0,(anonymous_8)
FNDA:0,(anonymous_9)
FNDA:0,(anonymous_10)
FNDA:0,(anonymous_11)
FNDA:0,(anonymous_12)
FNDA:0,(anonymous_13)
FNDA:0,(anonymous_14)
FNDA:0,(anonymous_15)
FNDA:0,(anonymous_16)
FNDA:0,(anonymous_17)
FNDA:0,(anonymous_18)
FNDA:0,(anonymous_19)
FNDA:0,(anonymous_20)
FNDA:0,(anonymous_21)
DA:8,0
DA:9,0
DA:10,0
DA:11,0
DA:12,0
DA:16,0
DA:19,0
DA:20,0
DA:21,0
DA:22,0
DA:25,0
DA:31,0
DA:32,0
DA:35,0
DA:36,0
DA:37,0
DA:38,0
DA:39,0
DA:40,0
DA:41,0
DA:42,0
DA:46,0
DA:47,0
DA:48,0
DA:49,0
DA:52,0
DA:53,0
DA:54,0
DA:55,0
DA:56,0
DA:59,0
DA:60,0
DA:61,0
DA:67,0
DA:68,0
DA:69,0
DA:72,0
DA:73,0
DA:74,0
DA:75,0
DA:79,0
DA:80,0
DA:81,0
DA:82,0
DA:83,0
DA:85,0
DA:87,0
DA:91,0
DA:92,0
DA:93,0
DA:97,0
DA:98,0
DA:100,0
DA:102,0
DA:105,0
DA:107,0
DA:108,0
DA:109,0
DA:110,0
DA:112,0
DA:113,0
DA:114,0
DA:115,0
DA:116,0
DA:117,0
DA:118,0
DA:119,0
DA:120,0
DA:121,0
DA:122,0
DA:123,0
DA:124,0
DA:125,0
DA:127,0
DA:128,0
DA:133,0
DA:139,0
DA:143,0
DA:144,0
DA:149,0
DA:154,0
DA:155,0
DA:156,0
DA:157,0
DA:159,0
DA:161,0
DA:163,0
DA:164,0
DA:165,0
DA:166,0
DA:168,0
DA:170,0
DA:171,0
DA:178,0
DA:179,0
DA:182,0
DA:183,0
DA:186,0
DA:187,0
DA:188,0
DA:189,0
DA:190,0
DA:191,0
DA:193,0
DA:194,0
LF:105
LH:0
BRDA:8,0,0,0
BRDA:8,0,1,0
BRDA:9,1,0,0
BRDA:9,1,1,0
BRDA:10,2,0,0
BRDA:10,2,1,0
BRDA:11,3,0,0
BRDA:11,3,1,0
BRDA:12,4,0,0
BRDA:12,4,1,0
BRDA:16,5,0,0
BRDA:16,5,1,0
BRDA:16,6,0,0
BRDA:16,6,1,0
BRDA:16,7,0,0
BRDA:16,7,1,0
BRDA:31,8,0,0
BRDA:31,8,1,0
BRDA:36,9,0,0
BRDA:36,9,1,0
BRDA:36,10,0,0
BRDA:36,10,1,0
BRDA:38,11,0,0
BRDA:38,11,1,0
BRDA:39,12,0,0
BRDA:39,12,1,0
BRDA:40,13,0,0
BRDA:40,13,1,0
BRDA:41,14,0,0
BRDA:41,14,1,0
BRDA:46,15,0,0
BRDA:46,15,1,0
BRDA:47,16,0,0
BRDA:47,16,1,0
BRDA:47,17,0,0
BRDA:47,17,1,0
BRDA:48,18,0,0
BRDA:48,18,1,0
BRDA:98,19,0,0
BRDA:98,20,0,0
BRDA:98,21,0,0
BRDA:98,22,0,0
BRDA:98,23,0,0
BRDA:98,23,1,0
BRDA:107,24,0,0
BRDA:107,24,1,0
BRDA:108,25,0,0
BRDA:108,25,1,0
BRDA:121,26,0,0
BRDA:121,26,1,0
BRDA:122,27,0,0
BRDA:122,27,1,0
BRDA:122,28,0,0
BRDA:122,28,1,0
BRDA:124,29,0,0
BRDA:124,29,1,0
BRDA:125,30,0,0
BRDA:125,30,1,0
BRDA:125,31,0,0
BRDA:125,31,1,0
BRDA:125,31,2,0
BRDA:127,32,0,0
BRDA:127,32,1,0
BRDA:139,33,0,0
BRDA:139,33,1,0
BRDA:155,34,0,0
BRDA:155,34,1,0
BRDA:155,35,0,0
BRDA:155,35,1,0
BRDA:155,35,2,0
BRDA:163,36,0,0
BRDA:163,36,1,0
BRDA:163,37,0,0
BRDA:163,37,1,0
BRDA:165,38,0,0
BRDA:165,38,1,0
BRDA:166,39,0,0
BRDA:166,39,1,0
BRDA:170,40,0,0
BRDA:170,40,1,0
BRDA:170,41,0,0
BRDA:170,41,1,0
BRF:82
BRH:0
end_of_record
TN:
SF:common/db.js
FN:4,createPgPool
FN:21,insertAudit
FN:27,upsertPnl
FNF:3
FNH:0
FNDA:0,createPgPool
FNDA:0,insertAudit
FNDA:0,upsertPnl
DA:2,0
DA:5,0
DA:6,0
DA:7,0
DA:9,0
DA:18,0
DA:22,0
DA:24,0
DA:28,0
DA:32,0
LF:10
LH:0
BRDA:5,0,0,0
BRDA:5,0,1,0
BRDA:6,1,0,0
BRDA:6,1,1,0
BRDA:6,2,0,0
BRDA:6,2,1,0
BRDA:10,3,0,0
BRDA:10,3,1,0
BRDA:11,4,0,0
BRDA:11,4,1,0
BRDA:12,5,0,0
BRDA:12,5,1,0
BRDA:14,6,0,0
BRDA:14,6,1,0
BRDA:21,7,0,0
BRDA:21,8,0,0
BRDA:21,9,0,0
BRDA:21,10,0,0
BRF:18
BRH:0
end_of_record
TN:
SF:common/logger.js
FN:3,createLogger
FN:4,write
FN:15,(anonymous_2)
FN:16,(anonymous_3)
FN:17,(anonymous_4)
FN:18,(anonymous_5)
FN:19,(anonymous_6)
FN:20,(anonymous_7)
FN:21,(anonymous_8)
FN:22,(anonymous_9)
FN:23,(anonymous_10)
FNF:11
FNH:0
FNDA:0,createLogger
FNDA:0,write
FNDA:0,(anonymous_2)
FNDA:0,(anonymous_3)
FNDA:0,(anonymous_4)
FNDA:0,(anonymous_5)
FNDA:0,(anonymous_6)
FNDA:0,(anonymous_7)
FNDA:0,(anonymous_8)
FNDA:0,(anonymous_9)
FNDA:0,(anonymous_10)
DA:5,0
DA:12,0
DA:14,0
DA:15,0
DA:16,0
DA:17,0
DA:18,0
DA:19,0
DA:20,0
DA:21,0
DA:22,0
DA:23,0
LF:12
LH:0
BRDA:4,0,0,0
BRDA:19,1,0,0
BRF:2
BRH:0
end_of_record
TN:
SF:common/pnl.js
FN:3,(anonymous_0)
FN:4,(anonymous_1)
FN:6,initDayIfNeeded
FN:23,getStatus
FN:29,resetDay
FN:42,incrementPnl
FN:52,setHalted
FN:57,isHalted
FN:63,normalize
FNF:9
FNH:0
FNDA:0,(anonymous_0)
FNDA:0,(anonymous_1)
FNDA:0,initDayIfNeeded
FNDA:0,getStatus
FNDA:0,resetDay
FNDA:0,incrementPnl
FNDA:0,setHalted
FNDA:0,isHalted
FNDA:0,normalize
DA:3,0
DA:4,0
DA:7,0
DA:8,0
DA:9,0
DA:10,0
DA:11,0
DA:20,0
DA:24,0
DA:25,0
DA:26,0
DA:30,0
DA:31,0
DA:39,0
DA:43,0
DA:44,0
DA:45,0
DA:46,0
DA:47,0
DA:48,0
DA:49,0
DA:53,0
DA:54,0
DA:58,0
DA:59,0
DA:60,0
DA:64,0
DA:67,0
LF:28
LH:0
BRDA:4,0,0,0
BRDA:6,1,0,0
BRDA:6,2,0,0
BRDA:6,3,0,0
BRDA:10,4,0,0
BRDA:10,4,1,0
BRDA:29,5,0,0
BRDA:29,6,0,0
BRDA:29,7,0,0
BRDA:45,8,0,0
BRDA:45,8,1,0
BRDA:54,9,0,0
BRDA:54,9,1,0
BRDA:64,10,0,0
BRDA:64,10,1,0
BRDA:64,11,0,0
BRDA:64,11,1,0
BRDA:69,12,0,0
BRDA:69,12,1,0
BRDA:70,13,0,0
BRDA:70,13,1,0
BRDA:71,14,0,0
BRDA:71,14,1,0
BRDA:72,15,0,0
BRDA:72,15,1,0
BRF:25
BRH:0
end_of_record
TN:
SF:common/streams.js
FN:3,ensureGroup
FN:12,xaddJSON
FN:18,startPendingMonitor
FN:20,(anonymous_3)
FN:30,(anonymous_4)
FN:34,(anonymous_5)
FN:38,startConsumer
FN:42,(anonymous_7)
FN:55,(anonymous_8)
FN:108,(anonymous_9)
FNF:10
FNH:0
FNDA:0,ensureGroup
FNDA:0,xaddJSON
FNDA:0,startPendingMonitor
FNDA:0,(anonymous_3)
FNDA:0,(anonymous_4)
FNDA:0,(anonymous_5)
FNDA:0,startConsumer
FNDA:0,(anonymous_7)
FNDA:0,(anonymous_8)
FNDA:0,(anonymous_9)
DA:4,0
DA:5,0
DA:7,0
DA:8,0
DA:13,0
DA:14,0
DA:19,0
DA:20,0
DA:21,0
DA:22,0
DA:23,0
DA:25,0
DA:26,0
DA:30,0
DA:33,0
DA:34,0
DA:39,0
DA:40,0
DA:41,0
DA:42,0
DA:43,0
DA:44,0
DA:45,0
DA:47,0
DA:48,0
DA:50,0
DA:51,0
DA:53,0
DA:54,0
DA:55,0
DA:56,0
DA:57,0
DA:60,0
DA:61,0
DA:62,0
DA:63,0
DA:64,0
DA:65,0
DA:66,0
DA:67,0
DA:71,0
DA:74,0
DA:75,0
DA:76,0
DA:79,0
DA:80,0
DA:81,0
DA:83,0
DA:85,0
DA:87,0
DA:88,0
DA:89,0
DA:90,0
DA:91,0
DA:92,0
DA:93,0
DA:95,0
DA:102,0
DA:104,0
DA:108,0
LF:60
LH:0
BRDA:7,0,0,0
BRDA:7,0,1,0
BRDA:8,1,0,0
BRDA:8,1,1,0
BRDA:18,2,0,0
BRDA:25,3,0,0
BRDA:25,3,1,0
BRDA:25,4,0,0
BRDA:25,4,1,0
BRDA:38,5,0,0
BRDA:40,6,0,0
BRDA:40,6,1,0
BRDA:48,7,0,0
BRDA:48,7,1,0
BRDA:51,8,0,0
BRDA:51,8,1,0
BRDA:55,9,0,0
BRDA:55,9,1,0
BRDA:56,10,0,0
BRDA:56,10,1,0
BRDA:57,11,0,0
BRDA:57,11,1,0
BRDA:63,12,0,0
BRDA:63,12,1,0
BRDA:63,13,0,0
BRDA:63,13,1,0
BRDA:64,14,0,0
BRDA:64,14,1,0
BRDA:65,15,0,0
BRDA:65,15,1,0
BRDA:66,16,0,0
BRDA:66,16,1,0
BRDA:71,17,0,0
BRDA:71,17,1,0
BRDA:74,18,0,0
BRDA:74,18,1,0
BRDA:85,19,0,0
BRDA:85,19,1,0
BRDA:89,20,0,0
BRDA:89,20,1,0
BRDA:89,21,0,0
BRDA:89,21,1,0
BRDA:91,22,0,0
BRDA:91,22,1,0
BRDA:95,23,0,0
BRDA:95,23,1,0
BRDA:104,24,0,0
BRDA:104,24,1,0
BRF:48
BRH:0
end_of_record
TN:
SF:common/trace.js
FN:4,traceMiddleware
FN:5,(anonymous_1)
FN:18,requestLoggerMiddleware
FN:19,(anonymous_3)
FN:22,(anonymous_4)
FN:41,withTrace
FNF:6
FNH:0
FNDA:0,traceMiddleware
FNDA:0,(anonymous_1)
FNDA:0,requestLoggerMiddleware
FNDA:0,(anonymous_3)
FNDA:0,(anonymous_4)
FNDA:0,withTrace
DA:5,0
DA:6,0
DA:7,0
DA:8,0
DA:9,0
DA:10,0
DA:11,0
DA:12,0
DA:13,0
DA:14,0
DA:19,0
DA:20,0
DA:21,0
DA:22,0
DA:23,0
DA:24,0
DA:25,0
DA:37,0
DA:42,0
DA:43,0
LF:20
LH:0
BRDA:8,0,0,0
BRDA:8,0,1,0
BRDA:9,1,0,0
BRDA:9,1,1,0
BRDA:21,2,0,0
BRDA:21,2,1,0
BRDA:27,3,0,0
BRDA:27,3,1,0
BRDA:34,4,0,0
BRDA:34,4,1,0
BRDA:42,5,0,0
BRDA:42,5,1,0
BRF:12
BRH:0
end_of_record
TN:
SF:common/exchanges/adapter.js
FNF:0
FNH:0
LF:0
LH:0
BRF:0
BRH:0
end_of_record
TN:
SF:common/exchanges/binance.js
FN:9,readSecret
FN:13,getCreds
FN:21,getBinanceAdapter
FN:24,(anonymous_3)
FNF:4
FNH:0
FNDA:0,readSecret
FNDA:0,getCreds
FNDA:0,getBinanceAdapter
FNDA:0,(anonymous_3)
DA:10,0
DA:14,0
DA:15,0
DA:16,0
DA:17,0
DA:18,0
DA:22,0
DA:23,0
DA:25,0
DA:27,0
DA:30,0
LF:11
LH:0
BRDA:14,0,0,0
BRDA:14,0,1,0
BRDA:15,1,0,0
BRDA:15,1,1,0
BRDA:15,2,0,0
BRDA:15,2,1,0
BRDA:16,3,0,0
BRDA:16,3,1,0
BRDA:17,4,0,0
BRDA:17,4,1,0
BRDA:17,5,0,0
BRDA:17,5,1,0
BRDA:25,6,0,0
BRDA:25,6,1,0
BRDA:25,7,0,0
BRDA:25,7,1,0
BRF:16
BRH:0
end_of_record
TN:
SF:common/exchanges/coinbase.js
FN:11,readSecret
FN:15,getCreds
FN:25,getCoinbaseAdapter
FN:28,(anonymous_3)
FNF:4
FNH:0
FNDA:0,readSecret
FNDA:0,getCreds
FNDA:0,getCoinbaseAdapter
FNDA:0,(anonymous_3)
DA:12,0
DA:16,0
DA:17,0
DA:18,0
DA:19,0
DA:20,0
DA:21,0
DA:22,0
DA:26,0
DA:27,0
DA:29,0
DA:31,0
DA:34,0
LF:13
LH:0
BRDA:16,0,0,0
BRDA:16,0,1,0
BRDA:17,1,0,0
BRDA:17,1,1,0
BRDA:17,2,0,0
BRDA:17,2,1,0
BRDA:18,3,0,0
BRDA:18,3,1,0
BRDA:19,4,0,0
BRDA:19,4,1,0
BRDA:19,5,0,0
BRDA:19,5,1,0
BRDA:20,6,0,0
BRDA:20,6,1,0
BRDA:21,7,0,0
BRDA:21,7,1,0
BRDA:21,8,0,0
BRDA:21,8,1,0
BRDA:29,9,0,0
BRDA:29,9,1,0
BRDA:29,10,0,0
BRDA:29,10,1,0
BRDA:29,10,2,0
BRF:23
BRH:0
end_of_record
TN:
SF:common/exchanges/paper.js
FN:7,getPaperAdapter
FN:12,(anonymous_1)
FN:19,(anonymous_2)
FNF:3
FNH:0
FNDA:0,getPaperAdapter
FNDA:0,(anonymous_1)
FNDA:0,(anonymous_2)
DA:8,0
DA:9,0
DA:10,0
DA:12,0
DA:13,0
DA:14,0
DA:15,0
DA:18,0
DA:20,0
DA:22,0
LF:10
LH:0
BRDA:8,0,0,0
BRDA:8,0,1,0
BRDA:9,1,0,0
BRDA:9,1,1,0
BRDA:10,2,0,0
BRDA:10,2,1,0
BRDA:12,3,0,0
BRDA:12,4,0,0
BRF:8
BRH:0
end_of_record
TN:
SF:common/integrations/jira.js
FN:3,readSecret
FN:7,getAuth
FN:16,createJiraIssue
FN:41,(anonymous_3)
FN:45,safeText
FNF:5
FNH:0
FNDA:0,readSecret
FNDA:0,getAuth
FNDA:0,createJiraIssue
FNDA:0,(anonymous_3)
FNDA:0,safeText
DA:4,0
DA:8,0
DA:9,0
DA:10,0
DA:11,0
DA:12,0
DA:13,0
DA:17,0
DA:18,0
DA:19,0
DA:20,0
DA:21,0
DA:31,0
DA:40,0
DA:41,0
DA:42,0
DA:46,0
LF:17
LH:0
BRDA:8,0,0,0
BRDA:8,0,1,0
BRDA:9,1,0,0
BRDA:9,1,1,0
BRDA:10,2,0,0
BRDA:10,2,1,0
BRDA:11,3,0,0
BRDA:11,3,1,0
BRDA:11,4,0,0
BRDA:11,4,1,0
BRDA:12,5,0,0
BRDA:12,5,1,0
BRDA:12,6,0,0
BRDA:12,6,1,0
BRDA:12,6,2,0
BRDA:16,7,0,0
BRDA:16,8,0,0
BRDA:18,9,0,0
BRDA:18,9,1,0
BRDA:19,10,0,0
BRDA:19,10,1,0
BRDA:20,11,0,0
BRDA:20,11,1,0
BRDA:25,12,0,0
BRDA:25,12,1,0
BRDA:26,13,0,0
BRDA:26,13,1,0
BRDA:40,14,0,0
BRDA:40,14,1,0
BRF:29
BRH:0
end_of_record
TN:
SF:common/integrations/notion.js
FN:3,readSecret
FN:7,getAuth
FN:15,createOrUpdateNotionPage
FN:38,(anonymous_3)
FN:42,safeText
FNF:5
FNH:0
FNDA:0,readSecret
FNDA:0,getAuth
FNDA:0,createOrUpdateNotionPage
FNDA:0,(anonymous_3)
FNDA:0,safeText
DA:4,0
DA:8,0
DA:9,0
DA:10,0
DA:11,0
DA:12,0
DA:16,0
DA:17,0
DA:18,0
DA:28,0
DA:37,0
DA:38,0
DA:39,0
DA:43,0
LF:14
LH:0
BRDA:8,0,0,0
BRDA:8,0,1,0
BRDA:9,1,0,0
BRDA:9,1,1,0
BRDA:9,2,0,0
BRDA:9,2,1,0
BRDA:10,3,0,0
BRDA:10,3,1,0
BRDA:11,4,0,0
BRDA:11,4,1,0
BRDA:11,5,0,0
BRDA:11,5,1,0
BRDA:15,6,0,0
BRDA:15,7,0,0
BRDA:17,8,0,0
BRDA:17,8,1,0
BRDA:21,9,0,0
BRDA:21,9,1,0
BRDA:24,10,0,0
BRDA:24,10,1,0
BRDA:37,11,0,0
BRDA:37,11,1,0
BRF:22
BRH:0
end_of_record
